{"A:\\question\\questioner-challenge\\server\\test\\app.js":{"path":"A:\\question\\questioner-challenge\\server\\test\\app.js","statementMap":{"0":{"start":{"line":3,"column":14},"end":{"line":3,"column":41}},"1":{"start":{"line":5,"column":15},"end":{"line":5,"column":46}},"2":{"start":{"line":7,"column":16},"end":{"line":7,"column":45}},"3":{"start":{"line":9,"column":17},"end":{"line":9,"column":50}},"4":{"start":{"line":11,"column":12},"end":{"line":11,"column":27}},"5":{"start":{"line":13,"column":13},"end":{"line":13,"column":42}},"6":{"start":{"line":15,"column":11},"end":{"line":15,"column":31}},"7":{"start":{"line":17,"column":12},"end":{"line":17,"column":40}},"8":{"start":{"line":19,"column":16},"end":{"line":19,"column":36}},"9":{"start":{"line":21,"column":17},"end":{"line":21,"column":50}},"10":{"start":{"line":23,"column":39},"end":{"line":23,"column":93}},"11":{"start":{"line":25,"column":0},"end":{"line":25,"column":30}},"12":{"start":{"line":29,"column":13},"end":{"line":29,"column":36}},"13":{"start":{"line":32,"column":0},"end":{"line":32,"column":39}},"14":{"start":{"line":37,"column":0},"end":{"line":44,"column":3}},"15":{"start":{"line":38,"column":2},"end":{"line":43,"column":5}},"16":{"start":{"line":39,"column":4},"end":{"line":42,"column":7}},"17":{"start":{"line":40,"column":6},"end":{"line":40,"column":34}},"18":{"start":{"line":41,"column":6},"end":{"line":41,"column":13}},"19":{"start":{"line":49,"column":0},"end":{"line":56,"column":3}},"20":{"start":{"line":50,"column":2},"end":{"line":55,"column":5}},"21":{"start":{"line":51,"column":4},"end":{"line":54,"column":7}},"22":{"start":{"line":52,"column":6},"end":{"line":52,"column":34}},"23":{"start":{"line":53,"column":6},"end":{"line":53,"column":13}},"24":{"start":{"line":61,"column":0},"end":{"line":69,"column":3}},"25":{"start":{"line":62,"column":2},"end":{"line":68,"column":5}},"26":{"start":{"line":63,"column":19},"end":{"line":63,"column":20}},"27":{"start":{"line":64,"column":4},"end":{"line":67,"column":7}},"28":{"start":{"line":65,"column":6},"end":{"line":65,"column":34}},"29":{"start":{"line":66,"column":6},"end":{"line":66,"column":13}},"30":{"start":{"line":75,"column":0},"end":{"line":88,"column":3}},"31":{"start":{"line":76,"column":2},"end":{"line":87,"column":5}},"32":{"start":{"line":77,"column":14},"end":{"line":82,"column":5}},"33":{"start":{"line":83,"column":4},"end":{"line":86,"column":7}},"34":{"start":{"line":84,"column":6},"end":{"line":84,"column":34}},"35":{"start":{"line":85,"column":6},"end":{"line":85,"column":13}},"36":{"start":{"line":94,"column":0},"end":{"line":102,"column":3}},"37":{"start":{"line":95,"column":2},"end":{"line":101,"column":5}},"38":{"start":{"line":96,"column":19},"end":{"line":96,"column":20}},"39":{"start":{"line":97,"column":4},"end":{"line":100,"column":7}},"40":{"start":{"line":98,"column":6},"end":{"line":98,"column":34}},"41":{"start":{"line":99,"column":6},"end":{"line":99,"column":13}},"42":{"start":{"line":108,"column":0},"end":{"line":120,"column":3}},"43":{"start":{"line":109,"column":2},"end":{"line":119,"column":5}},"44":{"start":{"line":110,"column":14},"end":{"line":113,"column":5}},"45":{"start":{"line":114,"column":19},"end":{"line":114,"column":21}},"46":{"start":{"line":115,"column":4},"end":{"line":118,"column":7}},"47":{"start":{"line":116,"column":6},"end":{"line":116,"column":34}},"48":{"start":{"line":117,"column":6},"end":{"line":117,"column":13}},"49":{"start":{"line":126,"column":0},"end":{"line":134,"column":3}},"50":{"start":{"line":127,"column":2},"end":{"line":133,"column":5}},"51":{"start":{"line":128,"column":14},"end":{"line":128,"column":16}},"52":{"start":{"line":129,"column":4},"end":{"line":132,"column":7}},"53":{"start":{"line":130,"column":6},"end":{"line":130,"column":34}},"54":{"start":{"line":131,"column":6},"end":{"line":131,"column":13}},"55":{"start":{"line":140,"column":0},"end":{"line":148,"column":3}},"56":{"start":{"line":141,"column":2},"end":{"line":147,"column":5}},"57":{"start":{"line":142,"column":14},"end":{"line":142,"column":16}},"58":{"start":{"line":143,"column":4},"end":{"line":146,"column":7}},"59":{"start":{"line":144,"column":6},"end":{"line":144,"column":34}},"60":{"start":{"line":145,"column":6},"end":{"line":145,"column":13}},"61":{"start":{"line":155,"column":0},"end":{"line":163,"column":3}},"62":{"start":{"line":156,"column":2},"end":{"line":162,"column":5}},"63":{"start":{"line":157,"column":19},"end":{"line":157,"column":21}},"64":{"start":{"line":158,"column":4},"end":{"line":161,"column":7}},"65":{"start":{"line":159,"column":6},"end":{"line":159,"column":34}},"66":{"start":{"line":160,"column":6},"end":{"line":160,"column":13}},"67":{"start":{"line":169,"column":0},"end":{"line":180,"column":3}},"68":{"start":{"line":170,"column":2},"end":{"line":179,"column":5}},"69":{"start":{"line":171,"column":14},"end":{"line":173,"column":5}},"70":{"start":{"line":174,"column":21},"end":{"line":174,"column":23}},"71":{"start":{"line":175,"column":4},"end":{"line":178,"column":7}},"72":{"start":{"line":176,"column":6},"end":{"line":176,"column":34}},"73":{"start":{"line":177,"column":6},"end":{"line":177,"column":13}},"74":{"start":{"line":186,"column":0},"end":{"line":193,"column":3}},"75":{"start":{"line":187,"column":2},"end":{"line":192,"column":5}},"76":{"start":{"line":188,"column":4},"end":{"line":191,"column":7}},"77":{"start":{"line":189,"column":6},"end":{"line":189,"column":34}},"78":{"start":{"line":190,"column":6},"end":{"line":190,"column":13}},"79":{"start":{"line":200,"column":0},"end":{"line":207,"column":3}},"80":{"start":{"line":201,"column":2},"end":{"line":206,"column":5}},"81":{"start":{"line":202,"column":4},"end":{"line":205,"column":7}},"82":{"start":{"line":203,"column":6},"end":{"line":203,"column":34}},"83":{"start":{"line":204,"column":6},"end":{"line":204,"column":13}}},"fnMap":{"0":{"name":"_interopRequireDefault","decl":{"start":{"line":23,"column":9},"end":{"line":23,"column":31}},"loc":{"start":{"line":23,"column":37},"end":{"line":23,"column":95}},"line":23},"1":{"name":"(anonymous_1)","decl":{"start":{"line":37,"column":30},"end":{"line":37,"column":31}},"loc":{"start":{"line":37,"column":42},"end":{"line":44,"column":1}},"line":37},"2":{"name":"(anonymous_2)","decl":{"start":{"line":38,"column":38},"end":{"line":38,"column":39}},"loc":{"start":{"line":38,"column":54},"end":{"line":43,"column":3}},"line":38},"3":{"name":"(anonymous_3)","decl":{"start":{"line":39,"column":69},"end":{"line":39,"column":70}},"loc":{"start":{"line":39,"column":89},"end":{"line":42,"column":5}},"line":39},"4":{"name":"(anonymous_4)","decl":{"start":{"line":49,"column":43},"end":{"line":49,"column":44}},"loc":{"start":{"line":49,"column":55},"end":{"line":56,"column":1}},"line":49},"5":{"name":"(anonymous_5)","decl":{"start":{"line":50,"column":34},"end":{"line":50,"column":35}},"loc":{"start":{"line":50,"column":50},"end":{"line":55,"column":3}},"line":50},"6":{"name":"(anonymous_6)","decl":{"start":{"line":51,"column":71},"end":{"line":51,"column":72}},"loc":{"start":{"line":51,"column":91},"end":{"line":54,"column":5}},"line":51},"7":{"name":"(anonymous_7)","decl":{"start":{"line":61,"column":36},"end":{"line":61,"column":37}},"loc":{"start":{"line":61,"column":48},"end":{"line":69,"column":1}},"line":61},"8":{"name":"(anonymous_8)","decl":{"start":{"line":62,"column":35},"end":{"line":62,"column":36}},"loc":{"start":{"line":62,"column":51},"end":{"line":68,"column":3}},"line":62},"9":{"name":"(anonymous_9)","decl":{"start":{"line":64,"column":92},"end":{"line":64,"column":93}},"loc":{"start":{"line":64,"column":112},"end":{"line":67,"column":5}},"line":64},"10":{"name":"(anonymous_10)","decl":{"start":{"line":75,"column":34},"end":{"line":75,"column":35}},"loc":{"start":{"line":75,"column":46},"end":{"line":88,"column":1}},"line":75},"11":{"name":"(anonymous_11)","decl":{"start":{"line":76,"column":46},"end":{"line":76,"column":47}},"loc":{"start":{"line":76,"column":62},"end":{"line":87,"column":3}},"line":76},"12":{"name":"(anonymous_12)","decl":{"start":{"line":83,"column":80},"end":{"line":83,"column":81}},"loc":{"start":{"line":83,"column":100},"end":{"line":86,"column":5}},"line":83},"13":{"name":"(anonymous_13)","decl":{"start":{"line":94,"column":29},"end":{"line":94,"column":30}},"loc":{"start":{"line":94,"column":41},"end":{"line":102,"column":1}},"line":94},"14":{"name":"(anonymous_14)","decl":{"start":{"line":95,"column":40},"end":{"line":95,"column":41}},"loc":{"start":{"line":95,"column":56},"end":{"line":101,"column":3}},"line":95},"15":{"name":"(anonymous_15)","decl":{"start":{"line":97,"column":96},"end":{"line":97,"column":97}},"loc":{"start":{"line":97,"column":116},"end":{"line":100,"column":5}},"line":97},"16":{"name":"(anonymous_16)","decl":{"start":{"line":108,"column":36},"end":{"line":108,"column":37}},"loc":{"start":{"line":108,"column":48},"end":{"line":120,"column":1}},"line":108},"17":{"name":"(anonymous_17)","decl":{"start":{"line":109,"column":47},"end":{"line":109,"column":48}},"loc":{"start":{"line":109,"column":63},"end":{"line":119,"column":3}},"line":109},"18":{"name":"(anonymous_18)","decl":{"start":{"line":115,"column":107},"end":{"line":115,"column":108}},"loc":{"start":{"line":115,"column":127},"end":{"line":118,"column":5}},"line":115},"19":{"name":"(anonymous_19)","decl":{"start":{"line":126,"column":41},"end":{"line":126,"column":42}},"loc":{"start":{"line":126,"column":53},"end":{"line":134,"column":1}},"line":126},"20":{"name":"(anonymous_20)","decl":{"start":{"line":127,"column":58},"end":{"line":127,"column":59}},"loc":{"start":{"line":127,"column":74},"end":{"line":133,"column":3}},"line":127},"21":{"name":"(anonymous_21)","decl":{"start":{"line":129,"column":92},"end":{"line":129,"column":93}},"loc":{"start":{"line":129,"column":112},"end":{"line":132,"column":5}},"line":129},"22":{"name":"(anonymous_22)","decl":{"start":{"line":140,"column":43},"end":{"line":140,"column":44}},"loc":{"start":{"line":140,"column":55},"end":{"line":148,"column":1}},"line":140},"23":{"name":"(anonymous_23)","decl":{"start":{"line":141,"column":59},"end":{"line":141,"column":60}},"loc":{"start":{"line":141,"column":75},"end":{"line":147,"column":3}},"line":141},"24":{"name":"(anonymous_24)","decl":{"start":{"line":143,"column":94},"end":{"line":143,"column":95}},"loc":{"start":{"line":143,"column":114},"end":{"line":146,"column":5}},"line":143},"25":{"name":"(anonymous_25)","decl":{"start":{"line":155,"column":29},"end":{"line":155,"column":30}},"loc":{"start":{"line":155,"column":41},"end":{"line":163,"column":1}},"line":155},"26":{"name":"(anonymous_26)","decl":{"start":{"line":156,"column":45},"end":{"line":156,"column":46}},"loc":{"start":{"line":156,"column":61},"end":{"line":162,"column":3}},"line":156},"27":{"name":"(anonymous_27)","decl":{"start":{"line":158,"column":84},"end":{"line":158,"column":85}},"loc":{"start":{"line":158,"column":104},"end":{"line":161,"column":5}},"line":158},"28":{"name":"(anonymous_28)","decl":{"start":{"line":169,"column":49},"end":{"line":169,"column":50}},"loc":{"start":{"line":169,"column":61},"end":{"line":180,"column":1}},"line":169},"29":{"name":"(anonymous_29)","decl":{"start":{"line":170,"column":50},"end":{"line":170,"column":51}},"loc":{"start":{"line":170,"column":66},"end":{"line":179,"column":3}},"line":170},"30":{"name":"(anonymous_30)","decl":{"start":{"line":175,"column":110},"end":{"line":175,"column":111}},"loc":{"start":{"line":175,"column":130},"end":{"line":178,"column":5}},"line":175},"31":{"name":"(anonymous_31)","decl":{"start":{"line":186,"column":38},"end":{"line":186,"column":39}},"loc":{"start":{"line":186,"column":50},"end":{"line":193,"column":1}},"line":186},"32":{"name":"(anonymous_32)","decl":{"start":{"line":187,"column":39},"end":{"line":187,"column":40}},"loc":{"start":{"line":187,"column":55},"end":{"line":192,"column":3}},"line":187},"33":{"name":"(anonymous_33)","decl":{"start":{"line":188,"column":56},"end":{"line":188,"column":57}},"loc":{"start":{"line":188,"column":76},"end":{"line":191,"column":5}},"line":188},"34":{"name":"(anonymous_34)","decl":{"start":{"line":200,"column":36},"end":{"line":200,"column":37}},"loc":{"start":{"line":200,"column":48},"end":{"line":207,"column":1}},"line":200},"35":{"name":"(anonymous_35)","decl":{"start":{"line":201,"column":60},"end":{"line":201,"column":61}},"loc":{"start":{"line":201,"column":76},"end":{"line":206,"column":3}},"line":201},"36":{"name":"(anonymous_36)","decl":{"start":{"line":202,"column":55},"end":{"line":202,"column":56}},"loc":{"start":{"line":202,"column":75},"end":{"line":205,"column":5}},"line":202}},"branchMap":{"0":{"loc":{"start":{"line":23,"column":46},"end":{"line":23,"column":92}},"type":"cond-expr","locations":[{"start":{"line":23,"column":70},"end":{"line":23,"column":73}},{"start":{"line":23,"column":76},"end":{"line":23,"column":92}}],"line":23},"1":{"loc":{"start":{"line":23,"column":46},"end":{"line":23,"column":67}},"type":"binary-expr","locations":[{"start":{"line":23,"column":46},"end":{"line":23,"column":49}},{"start":{"line":23,"column":53},"end":{"line":23,"column":67}}],"line":23}},"s":{"0":1,"1":1,"2":1,"3":1,"4":1,"5":1,"6":1,"7":1,"8":1,"9":1,"10":5,"11":1,"12":1,"13":1,"14":1,"15":1,"16":1,"17":1,"18":1,"19":1,"20":1,"21":1,"22":1,"23":1,"24":1,"25":1,"26":1,"27":1,"28":1,"29":0,"30":1,"31":1,"32":1,"33":1,"34":1,"35":0,"36":1,"37":1,"38":1,"39":1,"40":1,"41":0,"42":1,"43":1,"44":1,"45":1,"46":1,"47":1,"48":0,"49":1,"50":1,"51":1,"52":1,"53":1,"54":0,"55":1,"56":1,"57":1,"58":1,"59":0,"60":0,"61":1,"62":1,"63":1,"64":1,"65":1,"66":0,"67":1,"68":1,"69":1,"70":1,"71":1,"72":1,"73":0,"74":1,"75":1,"76":1,"77":1,"78":1,"79":1,"80":1,"81":1,"82":1,"83":1},"f":{"0":5,"1":1,"2":1,"3":1,"4":1,"5":1,"6":1,"7":1,"8":1,"9":1,"10":1,"11":1,"12":1,"13":1,"14":1,"15":1,"16":1,"17":1,"18":1,"19":1,"20":1,"21":1,"22":1,"23":1,"24":0,"25":1,"26":1,"27":1,"28":1,"29":1,"30":1,"31":1,"32":1,"33":1,"34":1,"35":1,"36":1},"b":{"0":[0,5],"1":[5,5]},"_coverageSchema":"43e27e138ebf9cfc5966b082cf9a028302ed4184","hash":"4fa94e3f328c567f57b23e0479cc7fa40d98caff","contentHash":"10f473bc4071a91d74230ea048d9633b"},"A:\\question\\questioner-challenge\\server\\models\\meetup.js":{"path":"A:\\question\\questioner-challenge\\server\\models\\meetup.js","statementMap":{"0":{"start":{"line":3,"column":50},"end":{"line":3,"column":151}},"1":{"start":{"line":3,"column":92},"end":{"line":3,"column":149}},"2":{"start":{"line":5,"column":13},"end":{"line":12,"column":1}},"3":{"start":{"line":6,"column":1},"end":{"line":6,"column":31}},"4":{"start":{"line":8,"column":1},"end":{"line":8,"column":34}},"5":{"start":{"line":9,"column":1},"end":{"line":9,"column":26}},"6":{"start":{"line":10,"column":1},"end":{"line":10,"column":20}},"7":{"start":{"line":11,"column":1},"end":{"line":11,"column":30}},"8":{"start":{"line":14,"column":0},"end":{"line":14,"column":30}}},"fnMap":{"0":{"name":"_classCallCheck","decl":{"start":{"line":3,"column":9},"end":{"line":3,"column":24}},"loc":{"start":{"line":3,"column":48},"end":{"line":3,"column":153}},"line":3},"1":{"name":"Meetup","decl":{"start":{"line":5,"column":22},"end":{"line":5,"column":28}},"loc":{"start":{"line":5,"column":72},"end":{"line":12,"column":1}},"line":5}},"branchMap":{"0":{"loc":{"start":{"line":3,"column":50},"end":{"line":3,"column":151}},"type":"if","locations":[{"start":{"line":3,"column":50},"end":{"line":3,"column":151}},{"start":{"line":3,"column":50},"end":{"line":3,"column":151}}],"line":3}},"s":{"0":1,"1":0,"2":1,"3":1,"4":1,"5":1,"6":1,"7":1,"8":1},"f":{"0":1,"1":1},"b":{"0":[0,1]},"_coverageSchema":"43e27e138ebf9cfc5966b082cf9a028302ed4184","hash":"731078810d03a3b699217fd6688e3a459518e104","contentHash":"5cb8b15a00db4503f41fb7b1987cd59b"},"A:\\question\\questioner-challenge\\server\\models\\question.js":{"path":"A:\\question\\questioner-challenge\\server\\models\\question.js","statementMap":{"0":{"start":{"line":20,"column":16},"end":{"line":44,"column":2}},"1":{"start":{"line":46,"column":0},"end":{"line":46,"column":27}}},"fnMap":{},"branchMap":{},"s":{"0":1,"1":1},"f":{},"b":{},"_coverageSchema":"43e27e138ebf9cfc5966b082cf9a028302ed4184","hash":"b4b502d4803b1e37d4b785fe6b1f6adc7ab1d9d0","contentHash":"cec3899ff984ebd69c18cfc7cba27c0d"},"A:\\question\\questioner-challenge\\app.js":{"path":"A:\\question\\questioner-challenge\\app.js","statementMap":{"0":{"start":{"line":3,"column":15},"end":{"line":3,"column":33}},"1":{"start":{"line":5,"column":16},"end":{"line":5,"column":48}},"2":{"start":{"line":7,"column":14},"end":{"line":7,"column":31}},"3":{"start":{"line":9,"column":15},"end":{"line":9,"column":46}},"4":{"start":{"line":11,"column":18},"end":{"line":11,"column":40}},"5":{"start":{"line":13,"column":19},"end":{"line":13,"column":54}},"6":{"start":{"line":15,"column":14},"end":{"line":15,"column":47}},"7":{"start":{"line":17,"column":15},"end":{"line":17,"column":46}},"8":{"start":{"line":19,"column":39},"end":{"line":19,"column":93}},"9":{"start":{"line":21,"column":10},"end":{"line":21,"column":34}},"10":{"start":{"line":24,"column":11},"end":{"line":24,"column":35}},"11":{"start":{"line":27,"column":0},"end":{"line":27,"column":38}},"12":{"start":{"line":28,"column":0},"end":{"line":28,"column":62}},"13":{"start":{"line":29,"column":0},"end":{"line":29,"column":37}},"14":{"start":{"line":31,"column":0},"end":{"line":39,"column":3}},"15":{"start":{"line":32,"column":2},"end":{"line":32,"column":49}},"16":{"start":{"line":33,"column":2},"end":{"line":33,"column":106}},"17":{"start":{"line":34,"column":2},"end":{"line":37,"column":3}},"18":{"start":{"line":35,"column":4},"end":{"line":35,"column":80}},"19":{"start":{"line":36,"column":4},"end":{"line":36,"column":36}},"20":{"start":{"line":38,"column":2},"end":{"line":38,"column":16}},"21":{"start":{"line":41,"column":0},"end":{"line":41,"column":37}},"22":{"start":{"line":43,"column":0},"end":{"line":45,"column":3}},"23":{"start":{"line":44,"column":2},"end":{"line":44,"column":71}},"24":{"start":{"line":47,"column":0},"end":{"line":51,"column":3}},"25":{"start":{"line":48,"column":14},"end":{"line":48,"column":44}},"26":{"start":{"line":49,"column":2},"end":{"line":49,"column":21}},"27":{"start":{"line":50,"column":2},"end":{"line":50,"column":14}},"28":{"start":{"line":53,"column":0},"end":{"line":55,"column":3}},"29":{"start":{"line":54,"column":2},"end":{"line":54,"column":32}},"30":{"start":{"line":57,"column":0},"end":{"line":57,"column":21}}},"fnMap":{"0":{"name":"_interopRequireDefault","decl":{"start":{"line":19,"column":9},"end":{"line":19,"column":31}},"loc":{"start":{"line":19,"column":37},"end":{"line":19,"column":95}},"line":19},"1":{"name":"(anonymous_1)","decl":{"start":{"line":31,"column":8},"end":{"line":31,"column":9}},"loc":{"start":{"line":31,"column":34},"end":{"line":39,"column":1}},"line":31},"2":{"name":"(anonymous_2)","decl":{"start":{"line":43,"column":13},"end":{"line":43,"column":14}},"loc":{"start":{"line":43,"column":33},"end":{"line":45,"column":1}},"line":43},"3":{"name":"(anonymous_3)","decl":{"start":{"line":47,"column":8},"end":{"line":47,"column":9}},"loc":{"start":{"line":47,"column":34},"end":{"line":51,"column":1}},"line":47},"4":{"name":"(anonymous_4)","decl":{"start":{"line":53,"column":17},"end":{"line":53,"column":18}},"loc":{"start":{"line":53,"column":29},"end":{"line":55,"column":1}},"line":53}},"branchMap":{"0":{"loc":{"start":{"line":19,"column":46},"end":{"line":19,"column":92}},"type":"cond-expr","locations":[{"start":{"line":19,"column":70},"end":{"line":19,"column":73}},{"start":{"line":19,"column":76},"end":{"line":19,"column":92}}],"line":19},"1":{"loc":{"start":{"line":19,"column":46},"end":{"line":19,"column":67}},"type":"binary-expr","locations":[{"start":{"line":19,"column":46},"end":{"line":19,"column":49}},{"start":{"line":19,"column":53},"end":{"line":19,"column":67}}],"line":19},"2":{"loc":{"start":{"line":24,"column":11},"end":{"line":24,"column":35}},"type":"binary-expr","locations":[{"start":{"line":24,"column":11},"end":{"line":24,"column":27}},{"start":{"line":24,"column":31},"end":{"line":24,"column":35}}],"line":24},"3":{"loc":{"start":{"line":34,"column":2},"end":{"line":37,"column":3}},"type":"if","locations":[{"start":{"line":34,"column":2},"end":{"line":37,"column":3}},{"start":{"line":34,"column":2},"end":{"line":37,"column":3}}],"line":34}},"s":{"0":1,"1":1,"2":1,"3":1,"4":1,"5":1,"6":1,"7":1,"8":4,"9":1,"10":1,"11":1,"12":1,"13":1,"14":1,"15":12,"16":12,"17":12,"18":0,"19":0,"20":12,"21":1,"22":1,"23":1,"24":1,"25":1,"26":1,"27":1,"28":1,"29":1,"30":1},"f":{"0":4,"1":12,"2":1,"3":1,"4":1},"b":{"0":[0,4],"1":[4,4],"2":[1,1],"3":[0,12]},"_coverageSchema":"43e27e138ebf9cfc5966b082cf9a028302ed4184","hash":"8384ecd36fc9034bbe867b2114efa8120856dcf6","contentHash":"1cd913e457c465421d264addee8fa7c5"},"A:\\question\\questioner-challenge\\server\\routes\\routes.js":{"path":"A:\\question\\questioner-challenge\\server\\routes\\routes.js","statementMap":{"0":{"start":{"line":3,"column":15},"end":{"line":3,"column":33}},"1":{"start":{"line":5,"column":16},"end":{"line":5,"column":48}},"2":{"start":{"line":7,"column":14},"end":{"line":7,"column":46}},"3":{"start":{"line":9,"column":15},"end":{"line":9,"column":46}},"4":{"start":{"line":11,"column":16},"end":{"line":11,"column":50}},"5":{"start":{"line":13,"column":17},"end":{"line":13,"column":50}},"6":{"start":{"line":15,"column":12},"end":{"line":15,"column":42}},"7":{"start":{"line":17,"column":13},"end":{"line":17,"column":42}},"8":{"start":{"line":19,"column":20},"end":{"line":19,"column":57}},"9":{"start":{"line":21,"column":21},"end":{"line":21,"column":58}},"10":{"start":{"line":23,"column":39},"end":{"line":23,"column":93}},"11":{"start":{"line":25,"column":14},"end":{"line":25,"column":40}},"12":{"start":{"line":27,"column":0},"end":{"line":27,"column":52}},"13":{"start":{"line":28,"column":0},"end":{"line":28,"column":58}},"14":{"start":{"line":29,"column":0},"end":{"line":29,"column":86}},"15":{"start":{"line":30,"column":0},"end":{"line":30,"column":63}},"16":{"start":{"line":32,"column":0},"end":{"line":32,"column":50}},"17":{"start":{"line":33,"column":0},"end":{"line":33,"column":54}},"18":{"start":{"line":35,"column":0},"end":{"line":35,"column":77}},"19":{"start":{"line":36,"column":0},"end":{"line":36,"column":108}},"20":{"start":{"line":37,"column":0},"end":{"line":37,"column":78}},"21":{"start":{"line":38,"column":0},"end":{"line":38,"column":74}},"22":{"start":{"line":39,"column":0},"end":{"line":39,"column":81}},"23":{"start":{"line":40,"column":0},"end":{"line":40,"column":68}},"24":{"start":{"line":41,"column":0},"end":{"line":41,"column":104}},"25":{"start":{"line":43,"column":0},"end":{"line":43,"column":56}},"26":{"start":{"line":45,"column":0},"end":{"line":45,"column":25}}},"fnMap":{"0":{"name":"_interopRequireDefault","decl":{"start":{"line":23,"column":9},"end":{"line":23,"column":31}},"loc":{"start":{"line":23,"column":37},"end":{"line":23,"column":95}},"line":23}},"branchMap":{"0":{"loc":{"start":{"line":23,"column":46},"end":{"line":23,"column":92}},"type":"cond-expr","locations":[{"start":{"line":23,"column":70},"end":{"line":23,"column":73}},{"start":{"line":23,"column":76},"end":{"line":23,"column":92}}],"line":23},"1":{"loc":{"start":{"line":23,"column":46},"end":{"line":23,"column":67}},"type":"binary-expr","locations":[{"start":{"line":23,"column":46},"end":{"line":23,"column":49}},{"start":{"line":23,"column":53},"end":{"line":23,"column":67}}],"line":23}},"s":{"0":1,"1":1,"2":1,"3":1,"4":1,"5":1,"6":1,"7":1,"8":1,"9":1,"10":5,"11":1,"12":1,"13":1,"14":1,"15":1,"16":1,"17":1,"18":1,"19":1,"20":1,"21":1,"22":1,"23":1,"24":1,"25":1,"26":1},"f":{"0":5},"b":{"0":[0,5],"1":[5,5]},"_coverageSchema":"43e27e138ebf9cfc5966b082cf9a028302ed4184","hash":"ba32431ce0924afda102a790be511031f9d8c168","contentHash":"90e1d031dd3842632fa5af05d4a6534f"},"A:\\question\\questioner-challenge\\server\\controllers\\meetup.js":{"path":"A:\\question\\questioner-challenge\\server\\controllers\\meetup.js","statementMap":{"0":{"start":{"line":3,"column":19},"end":{"line":3,"column":563}},"1":{"start":{"line":3,"column":76},"end":{"line":3,"column":347}},"2":{"start":{"line":3,"column":134},"end":{"line":3,"column":142}},"3":{"start":{"line":3,"column":144},"end":{"line":3,"column":199}},"4":{"start":{"line":3,"column":200},"end":{"line":3,"column":231}},"5":{"start":{"line":3,"column":232},"end":{"line":3,"column":286}},"6":{"start":{"line":3,"column":259},"end":{"line":3,"column":286}},"7":{"start":{"line":3,"column":287},"end":{"line":3,"column":345}},"8":{"start":{"line":3,"column":350},"end":{"line":3,"column":559}},"9":{"start":{"line":3,"column":407},"end":{"line":3,"column":475}},"10":{"start":{"line":3,"column":423},"end":{"line":3,"column":475}},"11":{"start":{"line":3,"column":476},"end":{"line":3,"column":536}},"12":{"start":{"line":3,"column":493},"end":{"line":3,"column":536}},"13":{"start":{"line":3,"column":537},"end":{"line":3,"column":556}},"14":{"start":{"line":5,"column":12},"end":{"line":5,"column":27}},"15":{"start":{"line":7,"column":13},"end":{"line":7,"column":42}},"16":{"start":{"line":9,"column":11},"end":{"line":9,"column":25}},"17":{"start":{"line":11,"column":12},"end":{"line":11,"column":40}},"18":{"start":{"line":13,"column":25},"end":{"line":13,"column":55}},"19":{"start":{"line":15,"column":26},"end":{"line":15,"column":68}},"20":{"start":{"line":17,"column":19},"end":{"line":17,"column":55}},"21":{"start":{"line":19,"column":20},"end":{"line":19,"column":56}},"22":{"start":{"line":21,"column":15},"end":{"line":21,"column":43}},"23":{"start":{"line":23,"column":16},"end":{"line":23,"column":48}},"24":{"start":{"line":25,"column":13},"end":{"line":25,"column":43}},"25":{"start":{"line":27,"column":14},"end":{"line":27,"column":44}},"26":{"start":{"line":29,"column":18},"end":{"line":29,"column":49}},"27":{"start":{"line":31,"column":19},"end":{"line":31,"column":54}},"28":{"start":{"line":33,"column":39},"end":{"line":33,"column":93}},"29":{"start":{"line":35,"column":44},"end":{"line":35,"column":195}},"30":{"start":{"line":35,"column":62},"end":{"line":35,"column":166}},"31":{"start":{"line":35,"column":176},"end":{"line":35,"column":193}},"32":{"start":{"line":35,"column":196},"end":{"line":35,"column":207}},"33":{"start":{"line":37,"column":33},"end":{"line":37,"column":456}},"34":{"start":{"line":37,"column":64},"end":{"line":37,"column":89}},"35":{"start":{"line":37,"column":91},"end":{"line":37,"column":453}},"36":{"start":{"line":37,"column":165},"end":{"line":37,"column":263}},"37":{"start":{"line":37,"column":182},"end":{"line":37,"column":195}},"38":{"start":{"line":37,"column":209},"end":{"line":37,"column":219}},"39":{"start":{"line":37,"column":239},"end":{"line":37,"column":253}},"40":{"start":{"line":37,"column":254},"end":{"line":37,"column":261}},"41":{"start":{"line":37,"column":264},"end":{"line":37,"column":426}},"42":{"start":{"line":37,"column":281},"end":{"line":37,"column":296}},"43":{"start":{"line":37,"column":306},"end":{"line":37,"column":424}},"44":{"start":{"line":37,"column":360},"end":{"line":37,"column":380}},"45":{"start":{"line":37,"column":401},"end":{"line":37,"column":420}},"46":{"start":{"line":37,"column":429},"end":{"line":37,"column":449}},"47":{"start":{"line":39,"column":50},"end":{"line":39,"column":151}},"48":{"start":{"line":39,"column":92},"end":{"line":39,"column":149}},"49":{"start":{"line":41,"column":10},"end":{"line":41,"column":59}},"50":{"start":{"line":43,"column":23},"end":{"line":310,"column":3}},"51":{"start":{"line":45,"column":4},"end":{"line":45,"column":44}},"52":{"start":{"line":48,"column":2},"end":{"line":307,"column":6}},"53":{"start":{"line":58,"column":17},"end":{"line":79,"column":9}},"54":{"start":{"line":59,"column":8},"end":{"line":78,"column":26}},"55":{"start":{"line":60,"column":10},"end":{"line":77,"column":11}},"56":{"start":{"line":61,"column":12},"end":{"line":76,"column":13}},"57":{"start":{"line":63,"column":16},"end":{"line":71,"column":19}},"58":{"start":{"line":65,"column":18},"end":{"line":68,"column":21}},"59":{"start":{"line":70,"column":18},"end":{"line":70,"column":35}},"60":{"start":{"line":75,"column":16},"end":{"line":75,"column":39}},"61":{"start":{"line":82,"column":8},"end":{"line":82,"column":43}},"62":{"start":{"line":85,"column":6},"end":{"line":85,"column":23}},"63":{"start":{"line":97,"column":18},"end":{"line":118,"column":9}},"64":{"start":{"line":98,"column":8},"end":{"line":117,"column":27}},"65":{"start":{"line":99,"column":10},"end":{"line":116,"column":11}},"66":{"start":{"line":100,"column":12},"end":{"line":115,"column":13}},"67":{"start":{"line":102,"column":16},"end":{"line":110,"column":19}},"68":{"start":{"line":104,"column":18},"end":{"line":107,"column":21}},"69":{"start":{"line":109,"column":18},"end":{"line":109,"column":35}},"70":{"start":{"line":114,"column":16},"end":{"line":114,"column":40}},"71":{"start":{"line":121,"column":8},"end":{"line":121,"column":44}},"72":{"start":{"line":124,"column":6},"end":{"line":124,"column":28}},"73":{"start":{"line":136,"column":18},"end":{"line":174,"column":9}},"74":{"start":{"line":139,"column":8},"end":{"line":173,"column":27}},"75":{"start":{"line":140,"column":10},"end":{"line":172,"column":11}},"76":{"start":{"line":141,"column":12},"end":{"line":171,"column":13}},"77":{"start":{"line":143,"column":16},"end":{"line":143,"column":143}},"78":{"start":{"line":145,"column":16},"end":{"line":148,"column":17}},"79":{"start":{"line":146,"column":18},"end":{"line":146,"column":37}},"80":{"start":{"line":147,"column":18},"end":{"line":147,"column":24}},"81":{"start":{"line":150,"column":16},"end":{"line":152,"column":19}},"82":{"start":{"line":151,"column":18},"end":{"line":151,"column":35}},"83":{"start":{"line":153,"column":16},"end":{"line":156,"column":20}},"84":{"start":{"line":159,"column":16},"end":{"line":159,"column":51}},"85":{"start":{"line":160,"column":16},"end":{"line":166,"column":19}},"86":{"start":{"line":161,"column":18},"end":{"line":165,"column":21}},"87":{"start":{"line":170,"column":16},"end":{"line":170,"column":40}},"88":{"start":{"line":177,"column":8},"end":{"line":177,"column":44}},"89":{"start":{"line":180,"column":6},"end":{"line":180,"column":20}},"90":{"start":{"line":197,"column":20},"end":{"line":197,"column":110}},"91":{"start":{"line":198,"column":6},"end":{"line":217,"column":9}},"92":{"start":{"line":199,"column":8},"end":{"line":216,"column":9}},"93":{"start":{"line":200,"column":10},"end":{"line":202,"column":43}},"94":{"start":{"line":204,"column":10},"end":{"line":215,"column":13}},"95":{"start":{"line":205,"column":12},"end":{"line":209,"column":15}},"96":{"start":{"line":211,"column":12},"end":{"line":214,"column":15}},"97":{"start":{"line":229,"column":19},"end":{"line":229,"column":34}},"98":{"start":{"line":230,"column":20},"end":{"line":230,"column":110}},"99":{"start":{"line":231,"column":6},"end":{"line":250,"column":9}},"100":{"start":{"line":232,"column":8},"end":{"line":249,"column":9}},"101":{"start":{"line":234,"column":10},"end":{"line":234,"column":67}},"102":{"start":{"line":236,"column":10},"end":{"line":236,"column":30}},"103":{"start":{"line":237,"column":10},"end":{"line":237,"column":41}},"104":{"start":{"line":238,"column":10},"end":{"line":248,"column":13}},"105":{"start":{"line":239,"column":12},"end":{"line":242,"column":45}},"106":{"start":{"line":244,"column":12},"end":{"line":247,"column":15}},"107":{"start":{"line":262,"column":20},"end":{"line":262,"column":110}},"108":{"start":{"line":263,"column":6},"end":{"line":274,"column":9}},"109":{"start":{"line":264,"column":8},"end":{"line":273,"column":9}},"110":{"start":{"line":265,"column":10},"end":{"line":267,"column":43}},"111":{"start":{"line":269,"column":10},"end":{"line":272,"column":13}},"112":{"start":{"line":279,"column":18},"end":{"line":299,"column":9}},"113":{"start":{"line":281,"column":8},"end":{"line":298,"column":27}},"114":{"start":{"line":282,"column":10},"end":{"line":297,"column":11}},"115":{"start":{"line":283,"column":12},"end":{"line":296,"column":13}},"116":{"start":{"line":285,"column":16},"end":{"line":291,"column":19}},"117":{"start":{"line":286,"column":18},"end":{"line":288,"column":21}},"118":{"start":{"line":290,"column":18},"end":{"line":290,"column":35}},"119":{"start":{"line":295,"column":16},"end":{"line":295,"column":40}},"120":{"start":{"line":302,"column":8},"end":{"line":302,"column":44}},"121":{"start":{"line":305,"column":6},"end":{"line":305,"column":27}},"122":{"start":{"line":309,"column":2},"end":{"line":309,"column":26}},"123":{"start":{"line":312,"column":24},"end":{"line":312,"column":46}},"124":{"start":{"line":313,"column":0},"end":{"line":313,"column":35}}},"fnMap":{"0":{"name":"(anonymous_0)","decl":{"start":{"line":3,"column":19},"end":{"line":3,"column":20}},"loc":{"start":{"line":3,"column":31},"end":{"line":3,"column":561}},"line":3},"1":{"name":"defineProperties","decl":{"start":{"line":3,"column":42},"end":{"line":3,"column":58}},"loc":{"start":{"line":3,"column":74},"end":{"line":3,"column":349}},"line":3},"2":{"name":"(anonymous_2)","decl":{"start":{"line":3,"column":357},"end":{"line":3,"column":358}},"loc":{"start":{"line":3,"column":405},"end":{"line":3,"column":558}},"line":3},"3":{"name":"_interopRequireDefault","decl":{"start":{"line":33,"column":9},"end":{"line":33,"column":31}},"loc":{"start":{"line":33,"column":37},"end":{"line":33,"column":95}},"line":33},"4":{"name":"_defineProperty","decl":{"start":{"line":35,"column":9},"end":{"line":35,"column":24}},"loc":{"start":{"line":35,"column":42},"end":{"line":35,"column":209}},"line":35},"5":{"name":"_asyncToGenerator","decl":{"start":{"line":37,"column":9},"end":{"line":37,"column":26}},"loc":{"start":{"line":37,"column":31},"end":{"line":37,"column":458}},"line":37},"6":{"name":"(anonymous_6)","decl":{"start":{"line":37,"column":40},"end":{"line":37,"column":41}},"loc":{"start":{"line":37,"column":52},"end":{"line":37,"column":455}},"line":37},"7":{"name":"(anonymous_7)","decl":{"start":{"line":37,"column":110},"end":{"line":37,"column":111}},"loc":{"start":{"line":37,"column":137},"end":{"line":37,"column":451}},"line":37},"8":{"name":"step","decl":{"start":{"line":37,"column":148},"end":{"line":37,"column":152}},"loc":{"start":{"line":37,"column":163},"end":{"line":37,"column":428}},"line":37},"9":{"name":"(anonymous_9)","decl":{"start":{"line":37,"column":341},"end":{"line":37,"column":342}},"loc":{"start":{"line":37,"column":358},"end":{"line":37,"column":382}},"line":37},"10":{"name":"(anonymous_10)","decl":{"start":{"line":37,"column":384},"end":{"line":37,"column":385}},"loc":{"start":{"line":37,"column":399},"end":{"line":37,"column":422}},"line":37},"11":{"name":"_classCallCheck","decl":{"start":{"line":39,"column":9},"end":{"line":39,"column":24}},"loc":{"start":{"line":39,"column":48},"end":{"line":39,"column":153}},"line":39},"12":{"name":"(anonymous_12)","decl":{"start":{"line":43,"column":23},"end":{"line":43,"column":24}},"loc":{"start":{"line":43,"column":35},"end":{"line":310,"column":1}},"line":43},"13":{"name":"meetupController","decl":{"start":{"line":44,"column":11},"end":{"line":44,"column":27}},"loc":{"start":{"line":44,"column":30},"end":{"line":46,"column":3}},"line":44},"14":{"name":"(anonymous_14)","decl":{"start":{"line":57,"column":11},"end":{"line":57,"column":12}},"loc":{"start":{"line":57,"column":23},"end":{"line":86,"column":5}},"line":57},"15":{"name":"_callee","decl":{"start":{"line":58,"column":82},"end":{"line":58,"column":89}},"loc":{"start":{"line":58,"column":100},"end":{"line":79,"column":7}},"line":58},"16":{"name":"_callee$","decl":{"start":{"line":59,"column":48},"end":{"line":59,"column":56}},"loc":{"start":{"line":59,"column":67},"end":{"line":78,"column":9}},"line":59},"17":{"name":"(anonymous_17)","decl":{"start":{"line":63,"column":78},"end":{"line":63,"column":79}},"loc":{"start":{"line":63,"column":97},"end":{"line":69,"column":17}},"line":63},"18":{"name":"(anonymous_18)","decl":{"start":{"line":69,"column":25},"end":{"line":69,"column":26}},"loc":{"start":{"line":69,"column":40},"end":{"line":71,"column":17}},"line":69},"19":{"name":"allMeetup","decl":{"start":{"line":81,"column":15},"end":{"line":81,"column":24}},"loc":{"start":{"line":81,"column":34},"end":{"line":83,"column":7}},"line":81},"20":{"name":"(anonymous_20)","decl":{"start":{"line":96,"column":11},"end":{"line":96,"column":12}},"loc":{"start":{"line":96,"column":23},"end":{"line":125,"column":5}},"line":96},"21":{"name":"_callee2","decl":{"start":{"line":97,"column":83},"end":{"line":97,"column":91}},"loc":{"start":{"line":97,"column":102},"end":{"line":118,"column":7}},"line":97},"22":{"name":"_callee2$","decl":{"start":{"line":98,"column":48},"end":{"line":98,"column":57}},"loc":{"start":{"line":98,"column":69},"end":{"line":117,"column":9}},"line":98},"23":{"name":"(anonymous_23)","decl":{"start":{"line":102,"column":105},"end":{"line":102,"column":106}},"loc":{"start":{"line":102,"column":124},"end":{"line":108,"column":17}},"line":102},"24":{"name":"(anonymous_24)","decl":{"start":{"line":108,"column":25},"end":{"line":108,"column":26}},"loc":{"start":{"line":108,"column":40},"end":{"line":110,"column":17}},"line":108},"25":{"name":"upComingMeetup","decl":{"start":{"line":120,"column":15},"end":{"line":120,"column":29}},"loc":{"start":{"line":120,"column":40},"end":{"line":122,"column":7}},"line":120},"26":{"name":"(anonymous_26)","decl":{"start":{"line":135,"column":11},"end":{"line":135,"column":12}},"loc":{"start":{"line":135,"column":23},"end":{"line":181,"column":5}},"line":135},"27":{"name":"_callee3","decl":{"start":{"line":136,"column":83},"end":{"line":136,"column":91}},"loc":{"start":{"line":136,"column":102},"end":{"line":174,"column":7}},"line":136},"28":{"name":"_callee3$","decl":{"start":{"line":139,"column":48},"end":{"line":139,"column":57}},"loc":{"start":{"line":139,"column":69},"end":{"line":173,"column":9}},"line":139},"29":{"name":"(anonymous_29)","decl":{"start":{"line":150,"column":49},"end":{"line":150,"column":50}},"loc":{"start":{"line":150,"column":62},"end":{"line":152,"column":17}},"line":150},"30":{"name":"(anonymous_30)","decl":{"start":{"line":160,"column":276},"end":{"line":160,"column":277}},"loc":{"start":{"line":160,"column":294},"end":{"line":166,"column":17}},"line":160},"31":{"name":"create","decl":{"start":{"line":176,"column":15},"end":{"line":176,"column":21}},"loc":{"start":{"line":176,"column":32},"end":{"line":178,"column":7}},"line":176},"32":{"name":"deleteMeetup","decl":{"start":{"line":196,"column":20},"end":{"line":196,"column":32}},"loc":{"start":{"line":196,"column":43},"end":{"line":218,"column":5}},"line":196},"33":{"name":"(anonymous_33)","decl":{"start":{"line":198,"column":19},"end":{"line":198,"column":20}},"loc":{"start":{"line":198,"column":37},"end":{"line":217,"column":7}},"line":198},"34":{"name":"(anonymous_34)","decl":{"start":{"line":204,"column":121},"end":{"line":204,"column":122}},"loc":{"start":{"line":204,"column":146},"end":{"line":210,"column":11}},"line":204},"35":{"name":"(anonymous_35)","decl":{"start":{"line":210,"column":19},"end":{"line":210,"column":20}},"loc":{"start":{"line":210,"column":36},"end":{"line":215,"column":11}},"line":210},"36":{"name":"rsvp","decl":{"start":{"line":228,"column":20},"end":{"line":228,"column":24}},"loc":{"start":{"line":228,"column":35},"end":{"line":251,"column":5}},"line":228},"37":{"name":"(anonymous_37)","decl":{"start":{"line":231,"column":19},"end":{"line":231,"column":20}},"loc":{"start":{"line":231,"column":37},"end":{"line":250,"column":7}},"line":231},"38":{"name":"(anonymous_38)","decl":{"start":{"line":238,"column":162},"end":{"line":238,"column":163}},"loc":{"start":{"line":238,"column":178},"end":{"line":243,"column":11}},"line":238},"39":{"name":"(anonymous_39)","decl":{"start":{"line":243,"column":19},"end":{"line":243,"column":20}},"loc":{"start":{"line":243,"column":36},"end":{"line":248,"column":11}},"line":243},"40":{"name":"getsingleMeetup","decl":{"start":{"line":261,"column":20},"end":{"line":261,"column":35}},"loc":{"start":{"line":261,"column":46},"end":{"line":275,"column":5}},"line":261},"41":{"name":"(anonymous_41)","decl":{"start":{"line":263,"column":19},"end":{"line":263,"column":20}},"loc":{"start":{"line":263,"column":37},"end":{"line":274,"column":7}},"line":263},"42":{"name":"(anonymous_42)","decl":{"start":{"line":278,"column":11},"end":{"line":278,"column":12}},"loc":{"start":{"line":278,"column":23},"end":{"line":306,"column":5}},"line":278},"43":{"name":"_callee4","decl":{"start":{"line":279,"column":83},"end":{"line":279,"column":91}},"loc":{"start":{"line":279,"column":102},"end":{"line":299,"column":7}},"line":279},"44":{"name":"_callee4$","decl":{"start":{"line":281,"column":48},"end":{"line":281,"column":57}},"loc":{"start":{"line":281,"column":69},"end":{"line":298,"column":9}},"line":281},"45":{"name":"(anonymous_45)","decl":{"start":{"line":285,"column":87},"end":{"line":285,"column":88}},"loc":{"start":{"line":285,"column":106},"end":{"line":289,"column":17}},"line":285},"46":{"name":"(anonymous_46)","decl":{"start":{"line":289,"column":25},"end":{"line":289,"column":26}},"loc":{"start":{"line":289,"column":40},"end":{"line":291,"column":17}},"line":289},"47":{"name":"executescript","decl":{"start":{"line":301,"column":15},"end":{"line":301,"column":28}},"loc":{"start":{"line":301,"column":39},"end":{"line":303,"column":7}},"line":301}},"branchMap":{"0":{"loc":{"start":{"line":3,"column":168},"end":{"line":3,"column":198}},"type":"binary-expr","locations":[{"start":{"line":3,"column":168},"end":{"line":3,"column":189}},{"start":{"line":3,"column":193},"end":{"line":3,"column":198}}],"line":3},"1":{"loc":{"start":{"line":3,"column":232},"end":{"line":3,"column":286}},"type":"if","locations":[{"start":{"line":3,"column":232},"end":{"line":3,"column":286}},{"start":{"line":3,"column":232},"end":{"line":3,"column":286}}],"line":3},"2":{"loc":{"start":{"line":3,"column":407},"end":{"line":3,"column":475}},"type":"if","locations":[{"start":{"line":3,"column":407},"end":{"line":3,"column":475}},{"start":{"line":3,"column":407},"end":{"line":3,"column":475}}],"line":3},"3":{"loc":{"start":{"line":3,"column":476},"end":{"line":3,"column":536}},"type":"if","locations":[{"start":{"line":3,"column":476},"end":{"line":3,"column":536}},{"start":{"line":3,"column":476},"end":{"line":3,"column":536}}],"line":3},"4":{"loc":{"start":{"line":33,"column":46},"end":{"line":33,"column":92}},"type":"cond-expr","locations":[{"start":{"line":33,"column":70},"end":{"line":33,"column":73}},{"start":{"line":33,"column":76},"end":{"line":33,"column":92}}],"line":33},"5":{"loc":{"start":{"line":33,"column":46},"end":{"line":33,"column":67}},"type":"binary-expr","locations":[{"start":{"line":33,"column":46},"end":{"line":33,"column":49}},{"start":{"line":33,"column":53},"end":{"line":33,"column":67}}],"line":33},"6":{"loc":{"start":{"line":35,"column":44},"end":{"line":35,"column":195}},"type":"if","locations":[{"start":{"line":35,"column":44},"end":{"line":35,"column":195}},{"start":{"line":35,"column":44},"end":{"line":35,"column":195}}],"line":35},"7":{"loc":{"start":{"line":37,"column":264},"end":{"line":37,"column":426}},"type":"if","locations":[{"start":{"line":37,"column":264},"end":{"line":37,"column":426}},{"start":{"line":37,"column":264},"end":{"line":37,"column":426}}],"line":37},"8":{"loc":{"start":{"line":39,"column":50},"end":{"line":39,"column":151}},"type":"if","locations":[{"start":{"line":39,"column":50},"end":{"line":39,"column":151}},{"start":{"line":39,"column":50},"end":{"line":39,"column":151}}],"line":39},"9":{"loc":{"start":{"line":61,"column":12},"end":{"line":76,"column":13}},"type":"switch","locations":[{"start":{"line":62,"column":14},"end":{"line":71,"column":19}},{"start":{"line":73,"column":14},"end":{"line":73,"column":21}},{"start":{"line":74,"column":14},"end":{"line":75,"column":39}}],"line":61},"10":{"loc":{"start":{"line":100,"column":12},"end":{"line":115,"column":13}},"type":"switch","locations":[{"start":{"line":101,"column":14},"end":{"line":110,"column":19}},{"start":{"line":112,"column":14},"end":{"line":112,"column":21}},{"start":{"line":113,"column":14},"end":{"line":114,"column":40}}],"line":100},"11":{"loc":{"start":{"line":141,"column":12},"end":{"line":171,"column":13}},"type":"switch","locations":[{"start":{"line":142,"column":14},"end":{"line":156,"column":20}},{"start":{"line":158,"column":14},"end":{"line":166,"column":19}},{"start":{"line":168,"column":14},"end":{"line":168,"column":21}},{"start":{"line":169,"column":14},"end":{"line":170,"column":40}}],"line":141},"12":{"loc":{"start":{"line":145,"column":16},"end":{"line":148,"column":17}},"type":"if","locations":[{"start":{"line":145,"column":16},"end":{"line":148,"column":17}},{"start":{"line":145,"column":16},"end":{"line":148,"column":17}}],"line":145},"13":{"loc":{"start":{"line":199,"column":8},"end":{"line":216,"column":9}},"type":"if","locations":[{"start":{"line":199,"column":8},"end":{"line":216,"column":9}},{"start":{"line":199,"column":8},"end":{"line":216,"column":9}}],"line":199},"14":{"loc":{"start":{"line":199,"column":12},"end":{"line":199,"column":64}},"type":"binary-expr","locations":[{"start":{"line":199,"column":12},"end":{"line":199,"column":37}},{"start":{"line":199,"column":41},"end":{"line":199,"column":64}}],"line":199},"15":{"loc":{"start":{"line":232,"column":8},"end":{"line":249,"column":9}},"type":"if","locations":[{"start":{"line":232,"column":8},"end":{"line":249,"column":9}},{"start":{"line":232,"column":8},"end":{"line":249,"column":9}}],"line":232},"16":{"loc":{"start":{"line":232,"column":12},"end":{"line":232,"column":64}},"type":"binary-expr","locations":[{"start":{"line":232,"column":12},"end":{"line":232,"column":37}},{"start":{"line":232,"column":41},"end":{"line":232,"column":64}}],"line":232},"17":{"loc":{"start":{"line":264,"column":8},"end":{"line":273,"column":9}},"type":"if","locations":[{"start":{"line":264,"column":8},"end":{"line":273,"column":9}},{"start":{"line":264,"column":8},"end":{"line":273,"column":9}}],"line":264},"18":{"loc":{"start":{"line":264,"column":12},"end":{"line":264,"column":64}},"type":"binary-expr","locations":[{"start":{"line":264,"column":12},"end":{"line":264,"column":37}},{"start":{"line":264,"column":41},"end":{"line":264,"column":64}}],"line":264},"19":{"loc":{"start":{"line":283,"column":12},"end":{"line":296,"column":13}},"type":"switch","locations":[{"start":{"line":284,"column":14},"end":{"line":291,"column":19}},{"start":{"line":293,"column":14},"end":{"line":293,"column":21}},{"start":{"line":294,"column":14},"end":{"line":295,"column":40}}],"line":283}},"s":{"0":1,"1":1,"2":7,"3":7,"4":7,"5":7,"6":7,"7":7,"8":1,"9":1,"10":1,"11":1,"12":0,"13":1,"14":1,"15":1,"16":1,"17":1,"18":1,"19":1,"20":1,"21":1,"22":1,"23":1,"24":1,"25":1,"26":1,"27":1,"28":7,"29":0,"30":0,"31":0,"32":0,"33":4,"34":1,"35":1,"36":1,"37":1,"38":1,"39":0,"40":0,"41":1,"42":1,"43":0,"44":0,"45":0,"46":1,"47":1,"48":0,"49":1,"50":1,"51":1,"52":1,"53":1,"54":1,"55":1,"56":1,"57":1,"58":1,"59":0,"60":1,"61":1,"62":1,"63":1,"64":0,"65":0,"66":0,"67":0,"68":0,"69":0,"70":0,"71":0,"72":1,"73":1,"74":0,"75":0,"76":0,"77":0,"78":0,"79":0,"80":0,"81":0,"82":0,"83":0,"84":0,"85":0,"86":0,"87":0,"88":0,"89":1,"90":0,"91":0,"92":0,"93":0,"94":0,"95":0,"96":0,"97":1,"98":1,"99":1,"100":1,"101":0,"102":1,"103":1,"104":1,"105":0,"106":1,"107":1,"108":1,"109":1,"110":0,"111":1,"112":1,"113":0,"114":0,"115":0,"116":0,"117":0,"118":0,"119":0,"120":0,"121":1,"122":1,"123":1,"124":1},"f":{"0":1,"1":1,"2":1,"3":7,"4":0,"5":4,"6":1,"7":1,"8":1,"9":0,"10":0,"11":1,"12":1,"13":1,"14":1,"15":1,"16":1,"17":1,"18":0,"19":1,"20":1,"21":0,"22":0,"23":0,"24":0,"25":0,"26":1,"27":0,"28":0,"29":0,"30":0,"31":0,"32":0,"33":0,"34":0,"35":0,"36":1,"37":1,"38":0,"39":1,"40":1,"41":1,"42":1,"43":0,"44":0,"45":0,"46":0,"47":0},"b":{"0":[7,7],"1":[7,0],"2":[1,0],"3":[0,1],"4":[1,6],"5":[7,7],"6":[0,0],"7":[1,0],"8":[0,1],"9":[1,1,1],"10":[0,0,0],"11":[0,0,0,0],"12":[0,0],"13":[0,0],"14":[0,0],"15":[0,1],"16":[1,1],"17":[0,1],"18":[1,1],"19":[0,0,0]},"_coverageSchema":"43e27e138ebf9cfc5966b082cf9a028302ed4184","hash":"afcd92e85bd5388b710a908156abe403b2898358","contentHash":"0c052a2131af4ea526e12bbaae324642"},"A:\\question\\questioner-challenge\\server\\middleware\\validations.js":{"path":"A:\\question\\questioner-challenge\\server\\middleware\\validations.js","statementMap":{"0":{"start":{"line":3,"column":11},"end":{"line":3,"column":25}},"1":{"start":{"line":5,"column":12},"end":{"line":5,"column":40}},"2":{"start":{"line":7,"column":18},"end":{"line":7,"column":49}},"3":{"start":{"line":9,"column":19},"end":{"line":9,"column":54}},"4":{"start":{"line":11,"column":25},"end":{"line":11,"column":55}},"5":{"start":{"line":13,"column":26},"end":{"line":13,"column":68}},"6":{"start":{"line":15,"column":39},"end":{"line":15,"column":93}},"7":{"start":{"line":19,"column":10},"end":{"line":19,"column":59}},"8":{"start":{"line":26,"column":20},"end":{"line":31,"column":1}},"9":{"start":{"line":27,"column":16},"end":{"line":27,"column":94}},"10":{"start":{"line":30,"column":2},"end":{"line":30,"column":30}},"11":{"start":{"line":30,"column":15},"end":{"line":30,"column":30}},"12":{"start":{"line":38,"column":22},"end":{"line":41,"column":1}},"13":{"start":{"line":39,"column":16},"end":{"line":39,"column":98}},"14":{"start":{"line":40,"column":2},"end":{"line":40,"column":30}},"15":{"start":{"line":40,"column":15},"end":{"line":40,"column":30}},"16":{"start":{"line":46,"column":19},"end":{"line":51,"column":2}},"17":{"start":{"line":52,"column":21},"end":{"line":55,"column":2}},"18":{"start":{"line":56,"column":18},"end":{"line":59,"column":1}},"19":{"start":{"line":60,"column":19},"end":{"line":68,"column":2}},"20":{"start":{"line":69,"column":22},"end":{"line":71,"column":2}},"21":{"start":{"line":72,"column":21},"end":{"line":74,"column":2}},"22":{"start":{"line":75,"column":24},"end":{"line":79,"column":1}},"23":{"start":{"line":81,"column":0},"end":{"line":91,"column":2}}},"fnMap":{"0":{"name":"_interopRequireDefault","decl":{"start":{"line":15,"column":9},"end":{"line":15,"column":31}},"loc":{"start":{"line":15,"column":37},"end":{"line":15,"column":95}},"line":15},"1":{"name":"confirmMeetup","decl":{"start":{"line":26,"column":29},"end":{"line":26,"column":42}},"loc":{"start":{"line":26,"column":53},"end":{"line":31,"column":1}},"line":26},"2":{"name":"confirmQuestion","decl":{"start":{"line":38,"column":31},"end":{"line":38,"column":46}},"loc":{"start":{"line":38,"column":59},"end":{"line":41,"column":1}},"line":38}},"branchMap":{"0":{"loc":{"start":{"line":15,"column":46},"end":{"line":15,"column":92}},"type":"cond-expr","locations":[{"start":{"line":15,"column":70},"end":{"line":15,"column":73}},{"start":{"line":15,"column":76},"end":{"line":15,"column":92}}],"line":15},"1":{"loc":{"start":{"line":15,"column":46},"end":{"line":15,"column":67}},"type":"binary-expr","locations":[{"start":{"line":15,"column":46},"end":{"line":15,"column":49}},{"start":{"line":15,"column":53},"end":{"line":15,"column":67}}],"line":15},"2":{"loc":{"start":{"line":30,"column":2},"end":{"line":30,"column":30}},"type":"if","locations":[{"start":{"line":30,"column":2},"end":{"line":30,"column":30}},{"start":{"line":30,"column":2},"end":{"line":30,"column":30}}],"line":30},"3":{"loc":{"start":{"line":40,"column":2},"end":{"line":40,"column":30}},"type":"if","locations":[{"start":{"line":40,"column":2},"end":{"line":40,"column":30}},{"start":{"line":40,"column":2},"end":{"line":40,"column":30}}],"line":40}},"s":{"0":1,"1":1,"2":1,"3":1,"4":1,"5":1,"6":3,"7":1,"8":1,"9":0,"10":0,"11":0,"12":1,"13":0,"14":0,"15":0,"16":1,"17":1,"18":1,"19":1,"20":1,"21":1,"22":1,"23":1},"f":{"0":3,"1":0,"2":0},"b":{"0":[0,3],"1":[3,3],"2":[0,0],"3":[0,0]},"_coverageSchema":"43e27e138ebf9cfc5966b082cf9a028302ed4184","hash":"71cfcc6902ec445ccf0db5d883941074245b182b","contentHash":"f154a8d883ca4c16611ebf29a5f81d4e"},"A:\\question\\questioner-challenge\\server\\config\\connection.js":{"path":"A:\\question\\questioner-challenge\\server\\config\\connection.js","statementMap":{"0":{"start":{"line":3,"column":14},"end":{"line":3,"column":31}},"1":{"start":{"line":5,"column":15},"end":{"line":5,"column":46}},"2":{"start":{"line":7,"column":10},"end":{"line":7,"column":23}},"3":{"start":{"line":9,"column":39},"end":{"line":9,"column":93}},"4":{"start":{"line":11,"column":17},"end":{"line":17,"column":2}},"5":{"start":{"line":19,"column":0},"end":{"line":19,"column":28}}},"fnMap":{"0":{"name":"_interopRequireDefault","decl":{"start":{"line":9,"column":9},"end":{"line":9,"column":31}},"loc":{"start":{"line":9,"column":37},"end":{"line":9,"column":95}},"line":9}},"branchMap":{"0":{"loc":{"start":{"line":9,"column":46},"end":{"line":9,"column":92}},"type":"cond-expr","locations":[{"start":{"line":9,"column":70},"end":{"line":9,"column":73}},{"start":{"line":9,"column":76},"end":{"line":9,"column":92}}],"line":9},"1":{"loc":{"start":{"line":9,"column":46},"end":{"line":9,"column":67}},"type":"binary-expr","locations":[{"start":{"line":9,"column":46},"end":{"line":9,"column":49}},{"start":{"line":9,"column":53},"end":{"line":9,"column":67}}],"line":9}},"s":{"0":1,"1":1,"2":1,"3":1,"4":1,"5":1},"f":{"0":1},"b":{"0":[0,1],"1":[1,1]},"_coverageSchema":"43e27e138ebf9cfc5966b082cf9a028302ed4184","hash":"8335ddc0541d3dc2b0af7f284db6fb8dda05b5c3","contentHash":"dc7aa9b24af2926c9b2d4f425338f2d4"},"A:\\question\\questioner-challenge\\server\\models\\connect.js":{"path":"A:\\question\\questioner-challenge\\server\\models\\connect.js","statementMap":{"0":{"start":{"line":3,"column":0},"end":{"line":5,"column":3}},"1":{"start":{"line":7,"column":19},"end":{"line":7,"column":563}},"2":{"start":{"line":7,"column":76},"end":{"line":7,"column":347}},"3":{"start":{"line":7,"column":134},"end":{"line":7,"column":142}},"4":{"start":{"line":7,"column":144},"end":{"line":7,"column":199}},"5":{"start":{"line":7,"column":200},"end":{"line":7,"column":231}},"6":{"start":{"line":7,"column":232},"end":{"line":7,"column":286}},"7":{"start":{"line":7,"column":259},"end":{"line":7,"column":286}},"8":{"start":{"line":7,"column":287},"end":{"line":7,"column":345}},"9":{"start":{"line":7,"column":350},"end":{"line":7,"column":559}},"10":{"start":{"line":7,"column":407},"end":{"line":7,"column":475}},"11":{"start":{"line":7,"column":423},"end":{"line":7,"column":475}},"12":{"start":{"line":7,"column":476},"end":{"line":7,"column":536}},"13":{"start":{"line":7,"column":493},"end":{"line":7,"column":536}},"14":{"start":{"line":7,"column":537},"end":{"line":7,"column":556}},"15":{"start":{"line":9,"column":14},"end":{"line":9,"column":31}},"16":{"start":{"line":11,"column":15},"end":{"line":11,"column":46}},"17":{"start":{"line":13,"column":10},"end":{"line":13,"column":23}},"18":{"start":{"line":15,"column":39},"end":{"line":15,"column":93}},"19":{"start":{"line":17,"column":33},"end":{"line":17,"column":456}},"20":{"start":{"line":17,"column":64},"end":{"line":17,"column":89}},"21":{"start":{"line":17,"column":91},"end":{"line":17,"column":453}},"22":{"start":{"line":17,"column":165},"end":{"line":17,"column":263}},"23":{"start":{"line":17,"column":182},"end":{"line":17,"column":195}},"24":{"start":{"line":17,"column":209},"end":{"line":17,"column":219}},"25":{"start":{"line":17,"column":239},"end":{"line":17,"column":253}},"26":{"start":{"line":17,"column":254},"end":{"line":17,"column":261}},"27":{"start":{"line":17,"column":264},"end":{"line":17,"column":426}},"28":{"start":{"line":17,"column":281},"end":{"line":17,"column":296}},"29":{"start":{"line":17,"column":306},"end":{"line":17,"column":424}},"30":{"start":{"line":17,"column":360},"end":{"line":17,"column":380}},"31":{"start":{"line":17,"column":401},"end":{"line":17,"column":420}},"32":{"start":{"line":17,"column":429},"end":{"line":17,"column":449}},"33":{"start":{"line":19,"column":50},"end":{"line":19,"column":151}},"34":{"start":{"line":19,"column":92},"end":{"line":19,"column":149}},"35":{"start":{"line":21,"column":0},"end":{"line":21,"column":26}},"36":{"start":{"line":23,"column":19},"end":{"line":213,"column":3}},"37":{"start":{"line":25,"column":20},"end":{"line":25,"column":24}},"38":{"start":{"line":27,"column":8},"end":{"line":27,"column":44}},"39":{"start":{"line":29,"column":8},"end":{"line":35,"column":11}},"40":{"start":{"line":37,"column":8},"end":{"line":50,"column":12}},"41":{"start":{"line":38,"column":12},"end":{"line":49,"column":31}},"42":{"start":{"line":39,"column":16},"end":{"line":48,"column":17}},"43":{"start":{"line":40,"column":20},"end":{"line":47,"column":21}},"44":{"start":{"line":42,"column":28},"end":{"line":42,"column":83}},"45":{"start":{"line":46,"column":28},"end":{"line":46,"column":51}},"46":{"start":{"line":55,"column":8},"end":{"line":55,"column":467}},"47":{"start":{"line":56,"column":8},"end":{"line":56,"column":343}},"48":{"start":{"line":57,"column":8},"end":{"line":57,"column":473}},"49":{"start":{"line":60,"column":8},"end":{"line":60,"column":306}},"50":{"start":{"line":64,"column":8},"end":{"line":64,"column":342}},"51":{"start":{"line":66,"column":8},"end":{"line":66,"column":345}},"52":{"start":{"line":72,"column":8},"end":{"line":72,"column":356}},"53":{"start":{"line":77,"column":8},"end":{"line":77,"column":231}},"54":{"start":{"line":82,"column":8},"end":{"line":82,"column":248}},"55":{"start":{"line":86,"column":8},"end":{"line":86,"column":23}},"56":{"start":{"line":93,"column":4},"end":{"line":210,"column":8}},"57":{"start":{"line":96,"column":24},"end":{"line":146,"column":15}},"58":{"start":{"line":97,"column":16},"end":{"line":145,"column":35}},"59":{"start":{"line":98,"column":20},"end":{"line":144,"column":21}},"60":{"start":{"line":99,"column":24},"end":{"line":143,"column":25}},"61":{"start":{"line":101,"column":32},"end":{"line":101,"column":51}},"62":{"start":{"line":102,"column":32},"end":{"line":102,"column":73}},"63":{"start":{"line":105,"column":32},"end":{"line":105,"column":51}},"64":{"start":{"line":106,"column":32},"end":{"line":106,"column":75}},"65":{"start":{"line":109,"column":32},"end":{"line":109,"column":51}},"66":{"start":{"line":110,"column":32},"end":{"line":110,"column":78}},"67":{"start":{"line":113,"column":32},"end":{"line":113,"column":51}},"68":{"start":{"line":114,"column":32},"end":{"line":114,"column":77}},"69":{"start":{"line":117,"column":32},"end":{"line":117,"column":52}},"70":{"start":{"line":118,"column":32},"end":{"line":118,"column":81}},"71":{"start":{"line":121,"column":32},"end":{"line":121,"column":52}},"72":{"start":{"line":122,"column":32},"end":{"line":122,"column":73}},"73":{"start":{"line":125,"column":32},"end":{"line":125,"column":52}},"74":{"start":{"line":126,"column":32},"end":{"line":126,"column":73}},"75":{"start":{"line":129,"column":32},"end":{"line":129,"column":52}},"76":{"start":{"line":130,"column":32},"end":{"line":130,"column":76}},"77":{"start":{"line":133,"column":32},"end":{"line":133,"column":52}},"78":{"start":{"line":134,"column":32},"end":{"line":134,"column":77}},"79":{"start":{"line":137,"column":32},"end":{"line":137,"column":52}},"80":{"start":{"line":138,"column":32},"end":{"line":138,"column":75}},"81":{"start":{"line":142,"column":32},"end":{"line":142,"column":56}},"82":{"start":{"line":149,"column":16},"end":{"line":149,"column":52}},"83":{"start":{"line":152,"column":12},"end":{"line":152,"column":27}},"84":{"start":{"line":163,"column":24},"end":{"line":202,"column":15}},"85":{"start":{"line":165,"column":16},"end":{"line":201,"column":53}},"86":{"start":{"line":166,"column":20},"end":{"line":200,"column":21}},"87":{"start":{"line":167,"column":24},"end":{"line":199,"column":25}},"88":{"start":{"line":169,"column":32},"end":{"line":169,"column":51}},"89":{"start":{"line":170,"column":32},"end":{"line":170,"column":54}},"90":{"start":{"line":173,"column":32},"end":{"line":173,"column":60}},"91":{"start":{"line":174,"column":32},"end":{"line":174,"column":51}},"92":{"start":{"line":175,"column":32},"end":{"line":175,"column":51}},"93":{"start":{"line":176,"column":32},"end":{"line":176,"column":61}},"94":{"start":{"line":179,"column":32},"end":{"line":179,"column":52}},"95":{"start":{"line":180,"column":32},"end":{"line":180,"column":38}},"96":{"start":{"line":183,"column":32},"end":{"line":183,"column":51}},"97":{"start":{"line":184,"column":32},"end":{"line":184,"column":69}},"98":{"start":{"line":185,"column":32},"end":{"line":185,"column":80}},"99":{"start":{"line":188,"column":32},"end":{"line":188,"column":52}},"100":{"start":{"line":193,"column":32},"end":{"line":193,"column":53}},"101":{"start":{"line":194,"column":32},"end":{"line":194,"column":60}},"102":{"start":{"line":198,"column":32},"end":{"line":198,"column":56}},"103":{"start":{"line":205,"column":16},"end":{"line":205,"column":52}},"104":{"start":{"line":208,"column":12},"end":{"line":208,"column":32}},"105":{"start":{"line":212,"column":4},"end":{"line":212,"column":24}},"106":{"start":{"line":215,"column":0},"end":{"line":215,"column":37}}},"fnMap":{"0":{"name":"(anonymous_0)","decl":{"start":{"line":7,"column":19},"end":{"line":7,"column":20}},"loc":{"start":{"line":7,"column":31},"end":{"line":7,"column":561}},"line":7},"1":{"name":"defineProperties","decl":{"start":{"line":7,"column":42},"end":{"line":7,"column":58}},"loc":{"start":{"line":7,"column":74},"end":{"line":7,"column":349}},"line":7},"2":{"name":"(anonymous_2)","decl":{"start":{"line":7,"column":357},"end":{"line":7,"column":358}},"loc":{"start":{"line":7,"column":405},"end":{"line":7,"column":558}},"line":7},"3":{"name":"_interopRequireDefault","decl":{"start":{"line":15,"column":9},"end":{"line":15,"column":31}},"loc":{"start":{"line":15,"column":37},"end":{"line":15,"column":95}},"line":15},"4":{"name":"_asyncToGenerator","decl":{"start":{"line":17,"column":9},"end":{"line":17,"column":26}},"loc":{"start":{"line":17,"column":31},"end":{"line":17,"column":458}},"line":17},"5":{"name":"(anonymous_5)","decl":{"start":{"line":17,"column":40},"end":{"line":17,"column":41}},"loc":{"start":{"line":17,"column":52},"end":{"line":17,"column":455}},"line":17},"6":{"name":"(anonymous_6)","decl":{"start":{"line":17,"column":110},"end":{"line":17,"column":111}},"loc":{"start":{"line":17,"column":137},"end":{"line":17,"column":451}},"line":17},"7":{"name":"step","decl":{"start":{"line":17,"column":148},"end":{"line":17,"column":152}},"loc":{"start":{"line":17,"column":163},"end":{"line":17,"column":428}},"line":17},"8":{"name":"(anonymous_8)","decl":{"start":{"line":17,"column":341},"end":{"line":17,"column":342}},"loc":{"start":{"line":17,"column":358},"end":{"line":17,"column":382}},"line":17},"9":{"name":"(anonymous_9)","decl":{"start":{"line":17,"column":384},"end":{"line":17,"column":385}},"loc":{"start":{"line":17,"column":399},"end":{"line":17,"column":422}},"line":17},"10":{"name":"_classCallCheck","decl":{"start":{"line":19,"column":9},"end":{"line":19,"column":24}},"loc":{"start":{"line":19,"column":48},"end":{"line":19,"column":153}},"line":19},"11":{"name":"(anonymous_11)","decl":{"start":{"line":23,"column":19},"end":{"line":23,"column":20}},"loc":{"start":{"line":23,"column":31},"end":{"line":213,"column":1}},"line":23},"12":{"name":"InitializeDb","decl":{"start":{"line":24,"column":13},"end":{"line":24,"column":25}},"loc":{"start":{"line":24,"column":28},"end":{"line":87,"column":5}},"line":24},"13":{"name":"_callee","decl":{"start":{"line":37,"column":88},"end":{"line":37,"column":95}},"loc":{"start":{"line":37,"column":98},"end":{"line":50,"column":9}},"line":37},"14":{"name":"_callee$","decl":{"start":{"line":38,"column":52},"end":{"line":38,"column":60}},"loc":{"start":{"line":38,"column":71},"end":{"line":49,"column":13}},"line":38},"15":{"name":"(anonymous_15)","decl":{"start":{"line":95,"column":15},"end":{"line":95,"column":16}},"loc":{"start":{"line":95,"column":27},"end":{"line":153,"column":9}},"line":95},"16":{"name":"_callee2","decl":{"start":{"line":96,"column":89},"end":{"line":96,"column":97}},"loc":{"start":{"line":96,"column":100},"end":{"line":146,"column":13}},"line":96},"17":{"name":"_callee2$","decl":{"start":{"line":97,"column":56},"end":{"line":97,"column":65}},"loc":{"start":{"line":97,"column":77},"end":{"line":145,"column":17}},"line":97},"18":{"name":"startDb","decl":{"start":{"line":148,"column":21},"end":{"line":148,"column":28}},"loc":{"start":{"line":148,"column":31},"end":{"line":150,"column":13}},"line":148},"19":{"name":"(anonymous_19)","decl":{"start":{"line":162,"column":15},"end":{"line":162,"column":16}},"loc":{"start":{"line":162,"column":27},"end":{"line":209,"column":9}},"line":162},"20":{"name":"_callee3","decl":{"start":{"line":163,"column":89},"end":{"line":163,"column":97}},"loc":{"start":{"line":163,"column":103},"end":{"line":202,"column":13}},"line":163},"21":{"name":"_callee3$","decl":{"start":{"line":165,"column":56},"end":{"line":165,"column":65}},"loc":{"start":{"line":165,"column":77},"end":{"line":201,"column":17}},"line":165},"22":{"name":"executeQuery","decl":{"start":{"line":204,"column":21},"end":{"line":204,"column":33}},"loc":{"start":{"line":204,"column":38},"end":{"line":206,"column":13}},"line":204}},"branchMap":{"0":{"loc":{"start":{"line":7,"column":168},"end":{"line":7,"column":198}},"type":"binary-expr","locations":[{"start":{"line":7,"column":168},"end":{"line":7,"column":189}},{"start":{"line":7,"column":193},"end":{"line":7,"column":198}}],"line":7},"1":{"loc":{"start":{"line":7,"column":232},"end":{"line":7,"column":286}},"type":"if","locations":[{"start":{"line":7,"column":232},"end":{"line":7,"column":286}},{"start":{"line":7,"column":232},"end":{"line":7,"column":286}}],"line":7},"2":{"loc":{"start":{"line":7,"column":407},"end":{"line":7,"column":475}},"type":"if","locations":[{"start":{"line":7,"column":407},"end":{"line":7,"column":475}},{"start":{"line":7,"column":407},"end":{"line":7,"column":475}}],"line":7},"3":{"loc":{"start":{"line":7,"column":476},"end":{"line":7,"column":536}},"type":"if","locations":[{"start":{"line":7,"column":476},"end":{"line":7,"column":536}},{"start":{"line":7,"column":476},"end":{"line":7,"column":536}}],"line":7},"4":{"loc":{"start":{"line":15,"column":46},"end":{"line":15,"column":92}},"type":"cond-expr","locations":[{"start":{"line":15,"column":70},"end":{"line":15,"column":73}},{"start":{"line":15,"column":76},"end":{"line":15,"column":92}}],"line":15},"5":{"loc":{"start":{"line":15,"column":46},"end":{"line":15,"column":67}},"type":"binary-expr","locations":[{"start":{"line":15,"column":46},"end":{"line":15,"column":49}},{"start":{"line":15,"column":53},"end":{"line":15,"column":67}}],"line":15},"6":{"loc":{"start":{"line":17,"column":264},"end":{"line":17,"column":426}},"type":"if","locations":[{"start":{"line":17,"column":264},"end":{"line":17,"column":426}},{"start":{"line":17,"column":264},"end":{"line":17,"column":426}}],"line":17},"7":{"loc":{"start":{"line":19,"column":50},"end":{"line":19,"column":151}},"type":"if","locations":[{"start":{"line":19,"column":50},"end":{"line":19,"column":151}},{"start":{"line":19,"column":50},"end":{"line":19,"column":151}}],"line":19},"8":{"loc":{"start":{"line":40,"column":20},"end":{"line":47,"column":21}},"type":"switch","locations":[{"start":{"line":41,"column":24},"end":{"line":42,"column":83}},{"start":{"line":44,"column":24},"end":{"line":44,"column":31}},{"start":{"line":45,"column":24},"end":{"line":46,"column":51}}],"line":40},"9":{"loc":{"start":{"line":99,"column":24},"end":{"line":143,"column":25}},"type":"switch","locations":[{"start":{"line":100,"column":28},"end":{"line":102,"column":73}},{"start":{"line":104,"column":28},"end":{"line":106,"column":75}},{"start":{"line":108,"column":28},"end":{"line":110,"column":78}},{"start":{"line":112,"column":28},"end":{"line":114,"column":77}},{"start":{"line":116,"column":28},"end":{"line":118,"column":81}},{"start":{"line":120,"column":28},"end":{"line":122,"column":73}},{"start":{"line":124,"column":28},"end":{"line":126,"column":73}},{"start":{"line":128,"column":28},"end":{"line":130,"column":76}},{"start":{"line":132,"column":28},"end":{"line":134,"column":77}},{"start":{"line":136,"column":28},"end":{"line":138,"column":75}},{"start":{"line":140,"column":28},"end":{"line":140,"column":36}},{"start":{"line":141,"column":28},"end":{"line":142,"column":56}}],"line":99},"10":{"loc":{"start":{"line":167,"column":24},"end":{"line":199,"column":25}},"type":"switch","locations":[{"start":{"line":168,"column":28},"end":{"line":170,"column":54}},{"start":{"line":172,"column":28},"end":{"line":176,"column":61}},{"start":{"line":178,"column":28},"end":{"line":180,"column":38}},{"start":{"line":182,"column":28},"end":{"line":185,"column":80}},{"start":{"line":187,"column":28},"end":{"line":194,"column":60}},{"start":{"line":196,"column":28},"end":{"line":196,"column":36}},{"start":{"line":197,"column":28},"end":{"line":198,"column":56}}],"line":167}},"s":{"0":1,"1":1,"2":1,"3":2,"4":2,"5":2,"6":2,"7":2,"8":2,"9":1,"10":1,"11":1,"12":1,"13":0,"14":1,"15":1,"16":1,"17":1,"18":1,"19":3,"20":21,"21":21,"22":50,"23":50,"24":50,"25":0,"26":0,"27":50,"28":21,"29":29,"30":29,"31":0,"32":21,"33":1,"34":0,"35":1,"36":1,"37":1,"38":1,"39":1,"40":1,"41":10,"42":20,"43":20,"44":10,"45":10,"46":1,"47":1,"48":1,"49":1,"50":1,"51":1,"52":1,"53":1,"54":1,"55":1,"56":1,"57":1,"58":1,"59":11,"60":11,"61":1,"62":1,"63":1,"64":1,"65":1,"66":1,"67":1,"68":1,"69":1,"70":1,"71":1,"72":1,"73":1,"74":1,"75":1,"76":1,"77":1,"78":1,"79":1,"80":1,"81":1,"82":1,"83":1,"84":1,"85":10,"86":41,"87":50,"88":10,"89":10,"90":10,"91":10,"92":10,"93":10,"94":9,"95":9,"96":1,"97":1,"98":1,"99":10,"100":10,"101":10,"102":10,"103":10,"104":1,"105":1,"106":1},"f":{"0":1,"1":1,"2":1,"3":1,"4":3,"5":21,"6":21,"7":50,"8":29,"9":0,"10":1,"11":1,"12":1,"13":10,"14":20,"15":1,"16":1,"17":11,"18":1,"19":1,"20":10,"21":41,"22":10},"b":{"0":[2,2],"1":[2,0],"2":[1,0],"3":[0,1],"4":[0,1],"5":[1,1],"6":[21,29],"7":[0,1],"8":[10,0,10],"9":[1,1,1,1,1,1,1,1,1,1,1,1],"10":[10,10,9,1,10,9,10]},"_coverageSchema":"43e27e138ebf9cfc5966b082cf9a028302ed4184","hash":"f7033393d92791b82f31ab68ead86b7eec4d4217","contentHash":"22d30a1f42ffc2e7fdc399d61fd233ed"},"A:\\question\\questioner-challenge\\server\\middleware\\query.js":{"path":"A:\\question\\questioner-challenge\\server\\middleware\\query.js","statementMap":{"0":{"start":{"line":3,"column":18},"end":{"line":3,"column":20}},"1":{"start":{"line":5,"column":20},"end":{"line":5,"column":47}},"2":{"start":{"line":7,"column":22},"end":{"line":7,"column":63}},"3":{"start":{"line":9,"column":19},"end":{"line":9,"column":60}},"4":{"start":{"line":11,"column":19},"end":{"line":11,"column":126}},"5":{"start":{"line":13,"column":19},"end":{"line":13,"column":65}},"6":{"start":{"line":15,"column":0},"end":{"line":15,"column":42}},"7":{"start":{"line":16,"column":0},"end":{"line":16,"column":46}},"8":{"start":{"line":17,"column":0},"end":{"line":17,"column":40}},"9":{"start":{"line":18,"column":0},"end":{"line":18,"column":40}},"10":{"start":{"line":19,"column":0},"end":{"line":19,"column":40}},"11":{"start":{"line":21,"column":20},"end":{"line":21,"column":22}},"12":{"start":{"line":23,"column":22},"end":{"line":23,"column":51}},"13":{"start":{"line":25,"column":24},"end":{"line":25,"column":67}},"14":{"start":{"line":27,"column":21},"end":{"line":27,"column":64}},"15":{"start":{"line":29,"column":21},"end":{"line":29,"column":69}},"16":{"start":{"line":31,"column":21},"end":{"line":31,"column":81}},"17":{"start":{"line":33,"column":0},"end":{"line":33,"column":48}},"18":{"start":{"line":34,"column":0},"end":{"line":34,"column":52}},"19":{"start":{"line":35,"column":0},"end":{"line":35,"column":46}},"20":{"start":{"line":36,"column":0},"end":{"line":36,"column":46}},"21":{"start":{"line":37,"column":0},"end":{"line":37,"column":46}},"22":{"start":{"line":39,"column":0},"end":{"line":51,"column":2}}},"fnMap":{},"branchMap":{},"s":{"0":1,"1":1,"2":1,"3":1,"4":1,"5":1,"6":1,"7":1,"8":1,"9":1,"10":1,"11":1,"12":1,"13":1,"14":1,"15":1,"16":1,"17":1,"18":1,"19":1,"20":1,"21":1,"22":1},"f":{},"b":{},"_coverageSchema":"43e27e138ebf9cfc5966b082cf9a028302ed4184","hash":"62b5485c166c0bd71822ae0580b92c9ce8fcaadc","contentHash":"bedcee64e4f49f7f8622e85edf187550"},"A:\\question\\questioner-challenge\\server\\controllers\\question.js":{"path":"A:\\question\\questioner-challenge\\server\\controllers\\question.js","statementMap":{"0":{"start":{"line":3,"column":19},"end":{"line":3,"column":563}},"1":{"start":{"line":3,"column":76},"end":{"line":3,"column":347}},"2":{"start":{"line":3,"column":134},"end":{"line":3,"column":142}},"3":{"start":{"line":3,"column":144},"end":{"line":3,"column":199}},"4":{"start":{"line":3,"column":200},"end":{"line":3,"column":231}},"5":{"start":{"line":3,"column":232},"end":{"line":3,"column":286}},"6":{"start":{"line":3,"column":259},"end":{"line":3,"column":286}},"7":{"start":{"line":3,"column":287},"end":{"line":3,"column":345}},"8":{"start":{"line":3,"column":350},"end":{"line":3,"column":559}},"9":{"start":{"line":3,"column":407},"end":{"line":3,"column":475}},"10":{"start":{"line":3,"column":423},"end":{"line":3,"column":475}},"11":{"start":{"line":3,"column":476},"end":{"line":3,"column":536}},"12":{"start":{"line":3,"column":493},"end":{"line":3,"column":536}},"13":{"start":{"line":3,"column":537},"end":{"line":3,"column":556}},"14":{"start":{"line":5,"column":11},"end":{"line":5,"column":25}},"15":{"start":{"line":7,"column":12},"end":{"line":7,"column":40}},"16":{"start":{"line":9,"column":25},"end":{"line":9,"column":55}},"17":{"start":{"line":11,"column":26},"end":{"line":11,"column":68}},"18":{"start":{"line":13,"column":19},"end":{"line":13,"column":55}},"19":{"start":{"line":15,"column":20},"end":{"line":15,"column":56}},"20":{"start":{"line":17,"column":16},"end":{"line":17,"column":45}},"21":{"start":{"line":19,"column":17},"end":{"line":19,"column":50}},"22":{"start":{"line":21,"column":18},"end":{"line":21,"column":49}},"23":{"start":{"line":23,"column":19},"end":{"line":23,"column":54}},"24":{"start":{"line":25,"column":20},"end":{"line":25,"column":43}},"25":{"start":{"line":27,"column":21},"end":{"line":27,"column":58}},"26":{"start":{"line":29,"column":17},"end":{"line":29,"column":38}},"27":{"start":{"line":31,"column":18},"end":{"line":31,"column":52}},"28":{"start":{"line":33,"column":39},"end":{"line":33,"column":93}},"29":{"start":{"line":35,"column":50},"end":{"line":35,"column":151}},"30":{"start":{"line":35,"column":92},"end":{"line":35,"column":149}},"31":{"start":{"line":37,"column":10},"end":{"line":37,"column":59}},"32":{"start":{"line":39,"column":25},"end":{"line":257,"column":3}},"33":{"start":{"line":41,"column":4},"end":{"line":41,"column":46}},"34":{"start":{"line":44,"column":2},"end":{"line":254,"column":6}},"35":{"start":{"line":55,"column":20},"end":{"line":55,"column":110}},"36":{"start":{"line":56,"column":6},"end":{"line":78,"column":9}},"37":{"start":{"line":57,"column":8},"end":{"line":77,"column":9}},"38":{"start":{"line":58,"column":10},"end":{"line":58,"column":84}},"39":{"start":{"line":60,"column":10},"end":{"line":60,"column":44}},"40":{"start":{"line":61,"column":10},"end":{"line":76,"column":13}},"41":{"start":{"line":62,"column":12},"end":{"line":70,"column":13}},"42":{"start":{"line":63,"column":14},"end":{"line":63,"column":48}},"43":{"start":{"line":64,"column":14},"end":{"line":64,"column":105}},"44":{"start":{"line":66,"column":14},"end":{"line":69,"column":17}},"45":{"start":{"line":72,"column":12},"end":{"line":72,"column":31}},"46":{"start":{"line":73,"column":12},"end":{"line":75,"column":15}},"47":{"start":{"line":91,"column":26},"end":{"line":91,"column":109}},"48":{"start":{"line":92,"column":18},"end":{"line":92,"column":37}},"49":{"start":{"line":94,"column":6},"end":{"line":102,"column":7}},"50":{"start":{"line":95,"column":27},"end":{"line":97,"column":10}},"51":{"start":{"line":96,"column":10},"end":{"line":96,"column":27}},"52":{"start":{"line":98,"column":8},"end":{"line":101,"column":11}},"53":{"start":{"line":104,"column":25},"end":{"line":104,"column":53}},"54":{"start":{"line":105,"column":6},"end":{"line":140,"column":7}},"55":{"start":{"line":106,"column":21},"end":{"line":106,"column":44}},"56":{"start":{"line":107,"column":26},"end":{"line":107,"column":35}},"57":{"start":{"line":108,"column":8},"end":{"line":108,"column":32}},"58":{"start":{"line":110,"column":8},"end":{"line":139,"column":11}},"59":{"start":{"line":111,"column":10},"end":{"line":111,"column":28}},"60":{"start":{"line":113,"column":21},"end":{"line":113,"column":56}},"61":{"start":{"line":114,"column":10},"end":{"line":114,"column":28}},"62":{"start":{"line":116,"column":24},"end":{"line":116,"column":114}},"63":{"start":{"line":117,"column":10},"end":{"line":138,"column":13}},"64":{"start":{"line":118,"column":12},"end":{"line":137,"column":13}},"65":{"start":{"line":119,"column":14},"end":{"line":119,"column":88}},"66":{"start":{"line":122,"column":14},"end":{"line":122,"column":47}},"67":{"start":{"line":123,"column":14},"end":{"line":136,"column":17}},"68":{"start":{"line":125,"column":16},"end":{"line":129,"column":19}},"69":{"start":{"line":131,"column":16},"end":{"line":131,"column":35}},"70":{"start":{"line":132,"column":16},"end":{"line":135,"column":19}},"71":{"start":{"line":151,"column":25},"end":{"line":151,"column":53}},"72":{"start":{"line":152,"column":6},"end":{"line":189,"column":7}},"73":{"start":{"line":153,"column":21},"end":{"line":153,"column":44}},"74":{"start":{"line":154,"column":26},"end":{"line":154,"column":35}},"75":{"start":{"line":155,"column":8},"end":{"line":155,"column":32}},"76":{"start":{"line":157,"column":8},"end":{"line":188,"column":11}},"77":{"start":{"line":160,"column":21},"end":{"line":160,"column":56}},"78":{"start":{"line":161,"column":10},"end":{"line":161,"column":28}},"79":{"start":{"line":162,"column":20},"end":{"line":162,"column":41}},"80":{"start":{"line":163,"column":24},"end":{"line":163,"column":100}},"81":{"start":{"line":164,"column":10},"end":{"line":187,"column":13}},"82":{"start":{"line":165,"column":12},"end":{"line":186,"column":13}},"83":{"start":{"line":166,"column":14},"end":{"line":166,"column":90}},"84":{"start":{"line":168,"column":14},"end":{"line":168,"column":32}},"85":{"start":{"line":169,"column":28},"end":{"line":169,"column":107}},"86":{"start":{"line":170,"column":37},"end":{"line":170,"column":162}},"87":{"start":{"line":171,"column":30},"end":{"line":171,"column":50}},"88":{"start":{"line":172,"column":14},"end":{"line":172,"column":31}},"89":{"start":{"line":173,"column":14},"end":{"line":173,"column":117}},"90":{"start":{"line":174,"column":14},"end":{"line":185,"column":17}},"91":{"start":{"line":175,"column":16},"end":{"line":175,"column":37}},"92":{"start":{"line":176,"column":16},"end":{"line":179,"column":19}},"93":{"start":{"line":181,"column":16},"end":{"line":181,"column":35}},"94":{"start":{"line":182,"column":16},"end":{"line":184,"column":19}},"95":{"start":{"line":201,"column":20},"end":{"line":201,"column":114}},"96":{"start":{"line":202,"column":6},"end":{"line":221,"column":9}},"97":{"start":{"line":204,"column":8},"end":{"line":220,"column":9}},"98":{"start":{"line":205,"column":10},"end":{"line":205,"column":69}},"99":{"start":{"line":208,"column":10},"end":{"line":219,"column":13}},"100":{"start":{"line":209,"column":12},"end":{"line":209,"column":33}},"101":{"s
[...]
"line":29,"column":17},"end":{"line":29,"column":50}},"27":{"start":{"line":31,"column":39},"end":{"line":31,"column":93}},"28":{"start":{"line":33,"column":33},"end":{"line":33,"column":456}},"29":{"start":{"line":33,"column":64},"end":{"line":33,"column":89}},"30":{"start":{"line":33,"column":91},"end":{"line":33,"column":453}},"31":{"start":{"line":33,"column":165},"end":{"line":33,"column":263}},"32":{"start":{"line":33,"column":182},"end":{"line":33,"column":195}},"33":{"start":{"line":33,"column":209},"end":{"line":33,"column":219}},"34":{"start":{"line":33,"column":239},"end":{"line":33,"column":253}},"35":{"start":{"line":33,"column":254},"end":{"line":33,"column":261}},"36":{"start":{"line":33,"column":264},"end":{"line":33,"column":426}},"37":{"start":{"line":33,"column":281},"end":{"line":33,"column":296}},"38":{"start":{"line":33,"column":306},"end":{"line":33,"column":424}},"39":{"start":{"line":33,"column":360},"end":{"line":33,"column":380}},"40":{"start":{"line":33,"column":401},"end":{"line":33,"column":420}},"41":{"start":{"line":33,"column":429},"end":{"line":33,"column":449}},"42":{"start":{"line":35,"column":50},"end":{"line":35,"column":151}},"43":{"start":{"line":35,"column":92},"end":{"line":35,"column":149}},"44":{"start":{"line":37,"column":10},"end":{"line":37,"column":59}},"45":{"start":{"line":39,"column":23},"end":{"line":214,"column":3}},"46":{"start":{"line":41,"column":4},"end":{"line":41,"column":44}},"47":{"start":{"line":44,"column":2},"end":{"line":211,"column":6}},"48":{"start":{"line":55,"column":17},"end":{"line":112,"column":9}},"49":{"start":{"line":58,"column":8},"end":{"line":111,"column":26}},"50":{"start":{"line":59,"column":10},"end":{"line":110,"column":11}},"51":{"start":{"line":60,"column":12},"end":{"line":109,"column":13}},"52":{"start":{"line":62,"column":16},"end":{"line":62,"column":110}},"53":{"start":{"line":64,"column":16},"end":{"line":67,"column":17}},"54":{"start":{"line":65,"column":18},"end":{"line":65,"column":36}},"55":{"start":{"line":66,"column":18},"end":{"line":66,"column":24}},"56":{"start":{"line":69,"column":16},"end":{"line":71,"column":19}},"57":{"start":{"line":70,"column":18},"end":{"line":70,"column":35}},"58":{"start":{"line":72,"column":16},"end":{"line":75,"column":20}},"59":{"start":{"line":78,"column":16},"end":{"line":78,"column":39}},"60":{"start":{"line":79,"column":16},"end":{"line":79,"column":45}},"61":{"start":{"line":81,"column":16},"end":{"line":104,"column":19}},"62":{"start":{"line":82,"column":18},"end":{"line":103,"column":19}},"63":{"start":{"line":83,"column":20},"end":{"line":85,"column":57}},"64":{"start":{"line":87,"column":31},"end":{"line":87,"column":94}},"65":{"start":{"line":88,"column":20},"end":{"line":102,"column":21}},"66":{"start":{"line":89,"column":22},"end":{"line":89,"column":51}},"67":{"start":{"line":90,"column":22},"end":{"line":96,"column":25}},"68":{"start":{"line":91,"column":24},"end":{"line":95,"column":27}},"69":{"start":{"line":98,"column":22},"end":{"line":101,"column":25}},"70":{"start":{"line":108,"column":16},"end":{"line":108,"column":39}},"71":{"start":{"line":115,"column":8},"end":{"line":115,"column":43}},"72":{"start":{"line":118,"column":6},"end":{"line":118,"column":19}},"73":{"start":{"line":129,"column":18},"end":{"line":175,"column":9}},"74":{"start":{"line":132,"column":8},"end":{"line":174,"column":27}},"75":{"start":{"line":133,"column":10},"end":{"line":173,"column":11}},"76":{"start":{"line":134,"column":12},"end":{"line":172,"column":13}},"77":{"start":{"line":136,"column":16},"end":{"line":136,"column":145}},"78":{"start":{"line":138,"column":16},"end":{"line":141,"column":17}},"79":{"start":{"line":139,"column":18},"end":{"line":139,"column":37}},"80":{"start":{"line":140,"column":18},"end":{"line":140,"column":24}},"81":{"start":{"line":143,"column":16},"end":{"line":145,"column":19}},"82":{"start":{"line":144,"column":18},"end":{"line":144,"column":35}},"83":{"start":{"line":146,"column":16},"end":{"line":149,"column":20}},"84":{"start":{"line":152,"column":16},"end":{"line":152,"column":83}},"85":{"start":{"line":154,"column":16},"end":{"line":167,"column":19}},"86":{"start":{"line":155,"column":18},"end":{"line":161,"column":21}},"87":{"start":{"line":156,"column":20},"end":{"line":160,"column":23}},"88":{"start":{"line":163,"column":18},"end":{"line":163,"column":37}},"89":{"start":{"line":164,"column":18},"end":{"line":166,"column":21}},"90":{"start":{"line":171,"column":16},"end":{"line":171,"column":40}},"91":{"start":{"line":178,"column":8},"end":{"line":178,"column":44}},"92":{"start":{"line":181,"column":6},"end":{"line":181,"column":22}},"93":{"start":{"line":193,"column":18},"end":{"line":203,"column":9}},"94":{"start":{"line":194,"column":8},"end":{"line":202,"column":27}},"95":{"start":{"line":195,"column":10},"end":{"line":201,"column":11}},"96":{"start":{"line":196,"column":12},"end":{"line":200,"column":13}},"97":{"start":{"line":199,"column":16},"end":{"line":199,"column":40}},"98":{"start":{"line":206,"column":8},"end":{"line":206,"column":44}},"99":{"start":{"line":209,"column":6},"end":{"line":209,"column":20}},"100":{"start":{"line":213,"column":2},"end":{"line":213,"column":26}},"101":{"start":{"line":217,"column":24},"end":{"line":217,"column":46}},"102":{"start":{"line":218,"column":0},"end":{"line":218,"column":35}}},"fnMap":{"0":{"name":"(anonymous_0)","decl":{"start":{"line":3,"column":19},"end":{"line":3,"column":20}},"loc":{"start":{"line":3,"column":31},"end":{"line":3,"column":561}},"line":3},"1":{"name":"defineProperties","decl":{"start":{"line":3,"column":42},"end":{"line":3,"column":58}},"loc":{"start":{"line":3,"column":74},"end":{"line":3,"column":349}},"line":3},"2":{"name":"(anonymous_2)","decl":{"start":{"line":3,"column":357},"end":{"line":3,"column":358}},"loc":{"start":{"line":3,"column":405},"end":{"line":3,"column":558}},"line":3},"3":{"name":"_interopRequireDefault","decl":{"start":{"line":31,"column":9},"end":{"line":31,"column":31}},"loc":{"start":{"line":31,"column":37},"end":{"line":31,"column":95}},"line":31},"4":{"name":"_asyncToGenerator","decl":{"start":{"line":33,"column":9},"end":{"line":33,"column":26}},"loc":{"start":{"line":33,"column":31},"end":{"line":33,"column":458}},"line":33},"5":{"name":"(anonymous_5)","decl":{"start":{"line":33,"column":40},"end":{"line":33,"column":41}},"loc":{"start":{"line":33,"column":52},"end":{"line":33,"column":455}},"line":33},"6":{"name":"(anonymous_6)","decl":{"start":{"line":33,"column":110},"end":{"line":33,"column":111}},"loc":{"start":{"line":33,"column":137},"end":{"line":33,"column":451}},"line":33},"7":{"name":"step","decl":{"start":{"line":33,"column":148},"end":{"line":33,"column":152}},"loc":{"start":{"line":33,"column":163},"end":{"line":33,"column":428}},"line":33},"8":{"name":"(anonymous_8)","decl":{"start":{"line":33,"column":341},"end":{"line":33,"column":342}},"loc":{"start":{"line":33,"column":358},"end":{"line":33,"column":382}},"line":33},"9":{"name":"(anonymous_9)","decl":{"start":{"line":33,"column":384},"end":{"line":33,"column":385}},"loc":{"start":{"line":33,"column":399},"end":{"line":33,"column":422}},"line":33},"10":{"name":"_classCallCheck","decl":{"start":{"line":35,"column":9},"end":{"line":35,"column":24}},"loc":{"start":{"line":35,"column":48},"end":{"line":35,"column":153}},"line":35},"11":{"name":"(anonymous_11)","decl":{"start":{"line":39,"column":23},"end":{"line":39,"column":24}},"loc":{"start":{"line":39,"column":35},"end":{"line":214,"column":1}},"line":39},"12":{"name":"meetupController","decl":{"start":{"line":40,"column":11},"end":{"line":40,"column":27}},"loc":{"start":{"line":40,"column":30},"end":{"line":42,"column":3}},"line":40},"13":{"name":"(anonymous_13)","decl":{"start":{"line":54,"column":11},"end":{"line":54,"column":12}},"loc":{"start":{"line":54,"column":23},"end":{"line":119,"column":5}},"line":54},"14":{"name":"_callee","decl":{"start":{"line":55,"column":82},"end":{"line":55,"column":89}},"loc":{"start":{"line":55,"column":100},"end":{"line":112,"column":7}},"line":55},"15":{"name":"_callee$","decl":{"start":{"line":58,"column":48},"end":{"line":58,"column":56}},"loc":{"start":{"line":58,"column":67},"end":{"line":111,"column":9}},"line":58},"16":{"name":"(anonymous_16)","decl":{"start":{"line":69,"column":49},"end":{"line":69,"column":50}},"loc":{"start":{"line":69,"column":62},"end":{"line":71,"column":17}},"line":69},"17":{"name":"(anonymous_17)","decl":{"start":{"line":81,"column":102},"end":{"line":81,"column":103}},"loc":{"start":{"line":81,"column":118},"end":{"line":104,"column":17}},"line":81},"18":{"name":"(anonymous_18)","decl":{"start":{"line":90,"column":90},"end":{"line":90,"column":91}},"loc":{"start":{"line":90,"column":114},"end":{"line":96,"column":23}},"line":90},"19":{"name":"login","decl":{"start":{"line":114,"column":15},"end":{"line":114,"column":20}},"loc":{"start":{"line":114,"column":30},"end":{"line":116,"column":7}},"line":114},"20":{"name":"(anonymous_20)","decl":{"start":{"line":128,"column":11},"end":{"line":128,"column":12}},"loc":{"start":{"line":128,"column":23},"end":{"line":182,"column":5}},"line":128},"21":{"name":"_callee2","decl":{"start":{"line":129,"column":83},"end":{"line":129,"column":91}},"loc":{"start":{"line":129,"column":102},"end":{"line":175,"column":7}},"line":129},"22":{"name":"_callee2$","decl":{"start":{"line":132,"column":48},"end":{"line":132,"column":57}},"loc":{"start":{"line":132,"column":69},"end":{"line":174,"column":9}},"line":132},"23":{"name":"(anonymous_23)","decl":{"start":{"line":143,"column":49},"end":{"line":143,"column":50}},"loc":{"start":{"line":143,"column":62},"end":{"line":145,"column":17}},"line":143},"24":{"name":"(anonymous_24)","decl":{"start":{"line":154,"column":379},"end":{"line":154,"column":380}},"loc":{"start":{"line":154,"column":398},"end":{"line":162,"column":17}},"line":154},"25":{"name":"(anonymous_25)","decl":{"start":{"line":155,"column":89},"end":{"line":155,"column":90}},"loc":{"start":{"line":155,"column":113},"end":{"line":161,"column":19}},"line":155},"26":{"name":"(anonymous_26)","decl":{"start":{"line":162,"column":25},"end":{"line":162,"column":26}},"loc":{"start":{"line":162,"column":42},"end":{"line":167,"column":17}},"line":162},"27":{"name":"register","decl":{"start":{"line":177,"column":15},"end":{"line":177,"column":23}},"loc":{"start":{"line":177,"column":34},"end":{"line":179,"column":7}},"line":177},"28":{"name":"(anonymous_28)","decl":{"start":{"line":192,"column":11},"end":{"line":192,"column":12}},"loc":{"start":{"line":192,"column":23},"end":{"line":210,"column":5}},"line":192},"29":{"name":"_callee3","decl":{"start":{"line":193,"column":83},"end":{"line":193,"column":91}},"loc":{"start":{"line":193,"column":102},"end":{"line":203,"column":7}},"line":193},"30":{"name":"_callee3$","decl":{"start":{"line":194,"column":48},"end":{"line":194,"column":57}},"loc":{"start":{"line":194,"column":69},"end":{"line":202,"column":9}},"line":194},"31":{"name":"logout","decl":{"start":{"line":205,"column":15},"end":{"line":205,"column":21}},"loc":{"start":{"line":205,"column":32},"end":{"line":207,"column":7}},"line":205}},"branchMap":{"0":{"loc":{"start":{"line":3,"column":168},"end":{"line":3,"column":198}},"type":"binary-expr","locations":[{"start":{"line":3,"column":168},"end":{"line":3,"column":189}},{"start":{"line":3,"column":193},"end":{"line":3,"column":198}}],"line":3},"1":{"loc":{"start":{"line":3,"column":232},"end":{"line":3,"column":286}},"type":"if","locations":[{"start":{"line":3,"column":232},"end":{"line":3,"column":286}},{"start":{"line":3,"column":232},"end":{"line":3,"column":286}}],"line":3},"2":{"loc":{"start":{"line":3,"column":407},"end":{"line":3,"column":475}},"type":"if","locations":[{"start":{"line":3,"column":407},"end":{"line":3,"column":475}},{"start":{"line":3,"column":407},"end":{"line":3,"column":475}}],"line":3},"3":{"loc":{"start":{"line":3,"column":476},"end":{"line":3,"column":536}},"type":"if","locations":[{"start":{"line":3,"column":476},"end":{"line":3,"column":536}},{"start":{"line":3,"column":476},"end":{"line":3,"column":536}}],"line":3},"4":{"loc":{"start":{"line":31,"column":46},"end":{"line":31,"column":92}},"type":"cond-expr","locations":[{"start":{"line":31,"column":70},"end":{"line":31,"column":73}},{"start":{"line":31,"column":76},"end":{"line":31,"column":92}}],"line":31},"5":{"loc":{"start":{"line":31,"column":46},"end":{"line":31,"column":67}},"type":"binary-expr","locations":[{"start":{"line":31,"column":46},"end":{"line":31,"column":49}},{"start":{"line":31,"column":53},"end":{"line":31,"column":67}}],"line":31},"6":{"loc":{"start":{"line":33,"column":264},"end":{"line":33,"column":426}},"type":"if","locations":[{"start":{"line":33,"column":264},"end":{"line":33,"column":426}},{"start":{"line":33,"column":264},"end":{"line":33,"column":426}}],"line":33},"7":{"loc":{"start":{"line":35,"column":50},"end":{"line":35,"column":151}},"type":"if","locations":[{"start":{"line":35,"column":50},"end":{"line":35,"column":151}},{"start":{"line":35,"column":50},"end":{"line":35,"column":151}}],"line":35},"8":{"loc":{"start":{"line":60,"column":12},"end":{"line":109,"column":13}},"type":"switch","locations":[{"start":{"line":61,"column":14},"end":{"line":75,"column":20}},{"start":{"line":77,"column":14},"end":{"line":104,"column":19}},{"start":{"line":106,"column":14},"end":{"line":106,"column":21}},{"start":{"line":107,"column":14},"end":{"line":108,"column":39}}],"line":60},"9":{"loc":{"start":{"line":64,"column":16},"end":{"line":67,"column":17}},"type":"if","locations":[{"start":{"line":64,"column":16},"end":{"line":67,"column":17}},{"start":{"line":64,"column":16},"end":{"line":67,"column":17}}],"line":64},"10":{"loc":{"start":{"line":82,"column":18},"end":{"line":103,"column":19}},"type":"if","locations":[{"start":{"line":82,"column":18},"end":{"line":103,"column":19}},{"start":{"line":82,"column":18},"end":{"line":103,"column":19}}],"line":82},"11":{"loc":{"start":{"line":82,"column":22},"end":{"line":82,"column":70}},"type":"binary-expr","locations":[{"start":{"line":82,"column":22},"end":{"line":82,"column":45}},{"start":{"line":82,"column":49},"end":{"line":82,"column":70}}],"line":82},"12":{"loc":{"start":{"line":88,"column":20},"end":{"line":102,"column":21}},"type":"if","locations":[{"start":{"line":88,"column":20},"end":{"line":102,"column":21}},{"start":{"line":88,"column":20},"end":{"line":102,"column":21}}],"line":88},"13":{"loc":{"start":{"line":134,"column":12},"end":{"line":172,"column":13}},"type":"switch","locations":[{"start":{"line":135,"column":14},"end":{"line":149,"column":20}},{"start":{"line":151,"column":14},"end":{"line":167,"column":19}},{"start":{"line":169,"column":14},"end":{"line":169,"column":21}},{"start":{"line":170,"column":14},"end":{"line":171,"column":40}}],"line":134},"14":{"loc":{"start":{"line":138,"column":16},"end":{"line":141,"column":17}},"type":"if","locations":[{"start":{"line":138,"column":16},"end":{"line":141,"column":17}},{"start":{"line":138,"column":16},"end":{"line":141,"column":17}}],"line":138},"15":{"loc":{"start":{"line":196,"column":12},"end":{"line":200,"column":13}},"type":"switch","locations":[{"start":{"line":197,"column":14},"end":{"line":197,"column":21}},{"start":{"line":198,"column":14},"end":{"line":199,"column":40}}],"line":196}},"s":{"0":1,"1":1,"2":3,"3":3,"4":3,"5":3,"6":3,"7":3,"8":1,"9":1,"10":1,"11":1,"12":0,"13":1,"14":1,"15":1,"16":1,"17":1,"18":1,"19":1,"20":1,"21":1,"22":1,"23":1,"24":1,"25":1,"26":1,"27":6,"28":3,"29":0,"30":0,"31":0,"32":0,"33":0,"34":0,"35":0,"36":0,"37":0,"38":0,"39":0,"40":0,"41":0,"42":1,"43":0,"44":1,"45":1,"46":1,"47":1,"48":1,"49":0,"50":0,"51":0,"52":0,"53":0,"54":0,"55":0,"56":0,"57":0,"58":0,"59":0,"60":0,"61":0,"62":0,"63":0,"64":0,"65":0,"66":0,"67":0,"68":0,"69":0,"70":0,"71":0,"72":1,"73":1,"74":0,"75":0,"76":0,"77":0,"78":0,"79":0,"80":0,"81":0,"82":0,"83":0,"84":0,"85":0,"86":0,"87":0,"88":0,"89":0,"90":0,"91":0,"92":1,"93":1,"94":0,"95":0,"96":0,"97":0,"98":0,"99":1,"100":1,"101":1,"102":1},"f":{"0":1,"1":1,"2":1,"3":6,"4":3,"5":0,"6":0,"7":0,"8":0,"9":0,"10":1,"11":1,"12":1,"13":1,"14":0,"15":0,"16":0,"17":0,"18":0,"19":0,"20":1,"21":0,"22":0,"23":0,"24":0,"25":0,"26":0,"27":0,"28":1,"29":0,"30":0,"31":0},"b":{"0":[3,3],"1":[3,0],"2":[1,0],"3":[0,1],"4":[0,6],"5":[6,6],"6":[0,0],"7":[0,1],"8":[0,0,0,0],"9":[0,0],"10":[0,0],"11":[0,0],"12":[0,0],"13":[0,0,0,0],"14":[0,0],"15":[0,0]},"_coverageSchema":"43e27e138ebf9cfc5966b082cf9a028302ed4184","hash":"f7bab07faf5d6989f8ddc4c4ff19272c7850f8c1","contentHash":"448ccc20da373ce96c74f62fef9f3013"},"A:\\question\\questioner-challenge\\server\\middleware\\verification.js":{"path":"A:\\question\\questioner-challenge\\server\\middleware\\verification.js","statementMap":{"0":{"start":{"line":3,"column":20},"end":{"line":3,"column":43}},"1":{"start":{"line":5,"column":21},"end":{"line":5,"column":58}},"2":{"start":{"line":7,"column":39},"end":{"line":7,"column":93}},"3":{"start":{"line":9,"column":0},"end":{"line":34,"column":2}},"4":{"start":{"line":11,"column":20},"end":{"line":11,"column":45}},"5":{"start":{"line":12,"column":8},"end":{"line":16,"column":9}},"6":{"start":{"line":13,"column":12},"end":{"line":15,"column":50}},"7":{"start":{"line":17,"column":20},"end":{"line":17,"column":36}},"8":{"start":{"line":18,"column":8},"end":{"line":32,"column":11}},"9":{"start":{"line":19,"column":12},"end":{"line":23,"column":13}},"10":{"start":{"line":20,"column":16},"end":{"line":22,"column":46}},"11":{"start":{"line":24,"column":12},"end":{"line":31,"column":13}},"12":{"start":{"line":25,"column":16},"end":{"line":25,"column":35}},"13":{"start":{"line":26,"column":16},"end":{"line":26,"column":23}},"14":{"start":{"line":28,"column":16},"end":{"line":30,"column":54}}},"fnMap":{"0":{"name":"_interopRequireDefault","decl":{"start":{"line":7,"column":9},"end":{"line":7,"column":31}},"loc":{"start":{"line":7,"column":37},"end":{"line":7,"column":95}},"line":7},"1":{"name":"verifyToken","decl":{"start":{"line":10,"column":26},"end":{"line":10,"column":37}},"loc":{"start":{"line":10,"column":54},"end":{"line":33,"column":5}},"line":10},"2":{"name":"(anonymous_2)","decl":{"start":{"line":18,"column":61},"end":{"line":18,"column":62}},"loc":{"start":{"line":18,"column":87},"end":{"line":32,"column":9}},"line":18}},"branchMap":{"0":{"loc":{"start":{"line":7,"column":46},"end":{"line":7,"column":92}},"type":"cond-expr","locations":[{"start":{"line":7,"column":70},"end":{"line":7,"column":73}},{"start":{"line":7,"column":76},"end":{"line":7,"column":92}}],"line":7},"1":{"loc":{"start":{"line":7,"column":46},"end":{"line":7,"column":67}},"type":"binary-expr","locations":[{"start":{"line":7,"column":46},"end":{"line":7,"column":49}},{"start":{"line":7,"column":53},"end":{"line":7,"column":67}}],"line":7},"2":{"loc":{"start":{"line":12,"column":8},"end":{"line":16,"column":9}},"type":"if","locations":[{"start":{"line":12,"column":8},"end":{"line":16,"column":9}},{"start":{"line":12,"column":8},"end":{"line":16,"column":9}}],"line":12},"3":{"loc":{"start":{"line":19,"column":12},"end":{"line":23,"column":13}},"type":"if","locations":[{"start":{"line":19,"column":12},"end":{"line":23,"column":13}},{"start":{"line":19,"column":12},"end":{"line":23,"column":13}}],"line":19},"4":{"loc":{"start":{"line":24,"column":12},"end":{"line":31,"column":13}},"type":"if","locations":[{"start":{"line":24,"column":12},"end":{"line":31,"column":13}},{"start":{"line":24,"column":12},"end":{"line":31,"column":13}}],"line":24}},"s":{"0":1,"1":1,"2":1,"3":1,"4":3,"5":3,"6":3,"7":0,"8":0,"9":0,"10":0,"11":0,"12":0,"13":0,"14":0},"f":{"0":1,"1":3,"2":0},"b":{"0":[0,1],"1":[1,1],"2":[3,0],"3":[0,0],"4":[0,0]},"_coverageSchema":"43e27e138ebf9cfc5966b082cf9a028302ed4184","hash":"3d47c2fca72dc3bfaaa91ccc8ba2e58a48362972","contentHash":"dd9a8adb4408630d502a03202a68ef5c"}}